#
# There is insufficient memory for the Java Runtime Environment to continue.
# Native memory allocation (mmap) failed to map 264241152 bytes. Error detail: G1 virtual space
# Possible reasons:
#   The system is out of physical RAM or swap space
#   This process is running with CompressedOops enabled, and the Java Heap may be blocking the growth of the native heap
# Possible solutions:
#   Reduce memory load on the system
#   Increase physical memory or swap space
#   Check if swap backing store is full
#   Decrease Java heap size (-Xmx/-Xms)
#   Decrease number of Java threads
#   Decrease Java thread stack sizes (-Xss)
#   Set larger code cache with -XX:ReservedCodeCacheSize=
#   JVM is running with Zero Based Compressed Oops mode in which the Java heap is
#     placed in the first 32GB address space. The Java Heap base address is the
#     maximum limit for the native heap growth. Please use -XX:HeapBaseMinAddress
#     to set the Java Heap base and to place the Java Heap above 32GB virtual address.
# This output file may be truncated or incomplete.
#
#  Out of Memory Error (os_windows.cpp:3631), pid=17904, tid=18032
#
# JRE version:  (22.0.1+8) (build )
# Java VM: Java HotSpot(TM) 64-Bit Server VM (22.0.1+8-16, mixed mode, sharing, tiered, compressed oops, compressed class ptrs, g1 gc, windows-amd64)
# No core dump will be written. Minidumps are not enabled by default on client versions of Windows
#

---------------  S U M M A R Y ------------

Command Line: -Dfile.encoding=windows-1252 -Duser.country=IN -Duser.language=en -Duser.variant com.microservice.service.AppointmentServiceApplication

Host: 12th Gen Intel(R) Core(TM) i7-1255U, 12 cores, 15G,  Windows 11 , 64 bit Build 22621 (10.0.22621.3958)
Time: Sun Aug 25 19:07:46 2024 India Standard Time elapsed time: 0.013069 seconds (0d 0h 0m 0s)

---------------  T H R E A D  ---------------

Current thread (0x000002c15eaa39d0):  JavaThread "Unknown thread" [_thread_in_vm, id=18032, stack(0x000000dadea00000,0x000000dadeb00000) (1024K)]

Stack: [0x000000dadea00000,0x000000dadeb00000]
Native frames: (J=compiled Java code, j=interpreted, Vv=VM code, C=native code)
V  [jvm.dll+0x6e2279]  (no source info available)
V  [jvm.dll+0x874e33]  (no source info available)
V  [jvm.dll+0x87725e]  (no source info available)
V  [jvm.dll+0x877933]  (no source info available)
V  [jvm.dll+0x27fd76]  (no source info available)
V  [jvm.dll+0x6de915]  (no source info available)
V  [jvm.dll+0x6d341a]  (no source info available)
V  [jvm.dll+0x3589da]  (no source info available)
V  [jvm.dll+0x360f06]  (no source info available)
V  [jvm.dll+0x3b3e2e]  (no source info available)
V  [jvm.dll+0x3b40d8]  (no source info available)
V  [jvm.dll+0x32c59c]  (no source info available)
V  [jvm.dll+0x32d158]  (no source info available)
V  [jvm.dll+0x83ccdc]  (no source info available)
V  [jvm.dll+0x3c0d71]  (no source info available)
V  [jvm.dll+0x825ccc]  (no source info available)
V  [jvm.dll+0x45b8fe]  (no source info available)
V  [jvm.dll+0x45d781]  (no source info available)
C  [jli.dll+0x52a3]  (no source info available)
C  [ucrtbase.dll+0x29333]  (no source info available)
C  [KERNEL32.DLL+0x1257d]  (no source info available)
C  [ntdll.dll+0x5af28]  (no source info available)


---------------  P R O C E S S  ---------------

Threads class SMR info:
_java_thread_list=0x00007ffbfc1cb1c8, length=0, elements={
}

Java Threads: ( => current thread )
Total: 0

Other Threads:
  0x000002c15ee00150 WorkerThread "GC Thread#0"                     [id=2396, stack(0x000000dadeb00000,0x000000dadec00000) (1024K)]
  0x000002c15ee10c50 ConcurrentGCThread "G1 Main Marker"            [id=22164, stack(0x000000dadec00000,0x000000daded00000) (1024K)]
  0x000002c15ee11910 WorkerThread "G1 Conc#0"                       [id=22736, stack(0x000000daded00000,0x000000dadee00000) (1024K)]

[error occurred during error reporting (printing all threads), id 0xc0000005, EXCEPTION_ACCESS_VIOLATION (0xc0000005) at pc=0x00007ffbfb91f367]
VM state: not at safepoint (not fully initialized)

VM Mutex/Monitor currently owned by a thread:  ([mutex/lock_event])
[0x00007ffbfc24bcb8] Heap_lock - owner thread: 0x000002c15eaa39d0

Heap address: 0x0000000704e00000, size: 4018 MB, Compressed Oops mode: Zero based, Oop shift amount: 3

CDS archive(s) mapped at: [0x0000000000000000-0x0000000000000000-0x0000000000000000), size 0, SharedBaseAddress: 0x0000000800000000, ArchiveRelocationMode: 1.
Narrow klass base: 0x0000000000000000, Narrow klass shift: 0, Narrow klass range: 0x0

GC Precious Log:
 CardTable entry size: 512
 Card Set container configuration: InlinePtr #cards 4 size 8 Array Of Cards #cards 16 size 48 Howl #buckets 8 coarsen threshold 3686 Howl Bitmap #cards 512 size 80 coarsen threshold 460 Card regions per heap region 1 cards per card region 4096

Heap:
 garbage-first heap   total reserved 4114432K, committed 0K, used 0K [0x0000000704e00000, 0x0000000800000000)
  region size 2048K, 0 young (0K), 0 survivors (0K)

[error occurred during error reporting (printing heap information), id 0xc0000005, EXCEPTION_ACCESS_VIOLATION (0xc0000005) at pc=0x00007ffbfbd1e429]
GC Heap History (0 events):
No events

Dll operation events (1 events):
Event: 0.008 Loaded shared library C:\Program Files\Java\jdk-22\bin\java.dll

Deoptimization events (0 events):
No events

Classes loaded (0 events):
No events

Classes unloaded (0 events):
No events

Classes redefined (0 events):
No events

Internal exceptions (0 events):
No events

ZGC Phase Switch (0 events):
No events

VM Operations (0 events):
No events

Events (0 events):
No events


Dynamic libraries:
0x00007ff7dc480000 - 0x00007ff7dc490000 	C:\Program Files\Java\jdk-22\bin\java.exe
0x00007ffc54190000 - 0x00007ffc543a7000 	C:\Windows\SYSTEM32\ntdll.dll
0x00007ffc52f50000 - 0x00007ffc53014000 	C:\Windows\System32\KERNEL32.DLL
0x00007ffc51690000 - 0x00007ffc51a3d000 	C:\Windows\System32\KERNELBASE.dll
0x00007ffc51da0000 - 0x00007ffc51eb1000 	C:\Windows\System32\ucrtbase.dll
0x00007ffc2b260000 - 0x00007ffc2b27b000 	C:\Program Files\Java\jdk-22\bin\VCRUNTIME140.dll
0x00007ffc2da40000 - 0x00007ffc2da57000 	C:\Program Files\Java\jdk-22\bin\jli.dll
0x00007ffc53380000 - 0x00007ffc53432000 	C:\Windows\System32\ADVAPI32.dll
0x00007ffc52830000 - 0x00007ffc528d7000 	C:\Windows\System32\msvcrt.dll
0x00007ffc52530000 - 0x00007ffc525d9000 	C:\Windows\System32\sechost.dll
0x00007ffc51a40000 - 0x00007ffc51a68000 	C:\Windows\System32\bcrypt.dll
0x00007ffc523e0000 - 0x00007ffc524f4000 	C:\Windows\System32\RPCRT4.dll
0x00007ffc53020000 - 0x00007ffc531ce000 	C:\Windows\System32\USER32.dll
0x00007ffc51570000 - 0x00007ffc51596000 	C:\Windows\System32\win32u.dll
0x00007ffc52500000 - 0x00007ffc52529000 	C:\Windows\System32\GDI32.dll
0x00007ffc34f70000 - 0x00007ffc35203000 	C:\Windows\WinSxS\amd64_microsoft.windows.common-controls_6595b64144ccf1df_6.0.22621.3672_none_2713b9d173822955\COMCTL32.dll
0x00007ffc51a70000 - 0x00007ffc51b89000 	C:\Windows\System32\gdi32full.dll
0x00007ffc51d00000 - 0x00007ffc51d9a000 	C:\Windows\System32\msvcp_win.dll
0x00007ffc35b50000 - 0x00007ffc35b5a000 	C:\Windows\SYSTEM32\VERSION.dll
0x00007ffc53f20000 - 0x00007ffc53f51000 	C:\Windows\System32\IMM32.DLL
0x00007ffc2efd0000 - 0x00007ffc2efdc000 	C:\Program Files\Java\jdk-22\bin\vcruntime140_1.dll
0x00007ffc29d20000 - 0x00007ffc29dae000 	C:\Program Files\Java\jdk-22\bin\msvcp140.dll
0x00007ffbfb5e0000 - 0x00007ffbfc327000 	C:\Program Files\Java\jdk-22\bin\server\jvm.dll
0x00007ffc527a0000 - 0x00007ffc52811000 	C:\Windows\System32\WS2_32.dll
0x00007ffc51370000 - 0x00007ffc513bd000 	C:\Windows\SYSTEM32\POWRPROF.dll
0x00007ffc4ed90000 - 0x00007ffc4edc4000 	C:\Windows\SYSTEM32\WINMM.dll
0x00007ffc512a0000 - 0x00007ffc512b3000 	C:\Windows\SYSTEM32\UMPDC.dll
0x00007ffc50440000 - 0x00007ffc50458000 	C:\Windows\SYSTEM32\kernel.appcore.dll
0x00007ffc2ee80000 - 0x00007ffc2ee8a000 	C:\Program Files\Java\jdk-22\bin\jimage.dll
0x00007ffc4eab0000 - 0x00007ffc4ece2000 	C:\Windows\SYSTEM32\DBGHELP.DLL
0x00007ffc51ec0000 - 0x00007ffc5224d000 	C:\Windows\System32\combase.dll
0x00007ffc52e70000 - 0x00007ffc52f47000 	C:\Windows\System32\OLEAUT32.dll
0x00007ffc4ed30000 - 0x00007ffc4ed62000 	C:\Windows\SYSTEM32\dbgcore.DLL
0x00007ffc515a0000 - 0x00007ffc5161b000 	C:\Windows\System32\bcryptPrimitives.dll
0x00007ffc2b240000 - 0x00007ffc2b25e000 	C:\Program Files\Java\jdk-22\bin\java.dll
0x00007ffc534a0000 - 0x00007ffc53d08000 	C:\Windows\System32\SHELL32.dll
0x00007ffc531d0000 - 0x00007ffc53375000 	C:\Windows\System32\ole32.dll

dbghelp: loaded successfully - version: 4.0.5 - missing functions: none
symbol engine: initialized successfully - sym options: 0x614 - pdb path: .;C:\Program Files\Java\jdk-22\bin;C:\Windows\SYSTEM32;C:\Windows\WinSxS\amd64_microsoft.windows.common-controls_6595b64144ccf1df_6.0.22621.3672_none_2713b9d173822955;C:\Program Files\Java\jdk-22\bin\server

VM Arguments:
jvm_args: -Dfile.encoding=windows-1252 -Duser.country=IN -Duser.language=en -Duser.variant 
java_command: com.microservice.service.AppointmentServiceApplication
java_class_path (initial): C:\Users\ishit\IdeaProjects\service\build\classes\java\main;C:\Users\ishit\IdeaProjects\service\build\resources\main;C:\Users\ishit\.gradle\caches\modules-2\files-2.1\org.springframework.boot\spring-boot-devtools\3.3.2\ff9e444f433eeafd6bc88025909459f835631038\spring-boot-devtools-3.3.2.jar;C:\Users\ishit\.gradle\caches\modules-2\files-2.1\org.springframework.boot\spring-boot-docker-compose\3.3.2\690a663a7ad34866ebf191c151c78c09bf666cc5\spring-boot-docker-compose-3.3.2.jar;C:\Users\ishit\.gradle\caches\modules-2\files-2.1\org.springframework.boot\spring-boot-starter-data-jpa\3.3.2\2731d74dfc18fb905c29930cf55493980c2cee5a\spring-boot-starter-data-jpa-3.3.2.jar;C:\Users\ishit\.gradle\caches\modules-2\files-2.1\com.netflix.graphql.dgs\graphql-dgs-spring-boot-oss-autoconfigure\9.0.4\6a49924a44915f40fd468793ccde179916c5b1b6\graphql-dgs-spring-boot-oss-autoconfigure-9.0.4.jar;C:\Users\ishit\.gradle\caches\modules-2\files-2.1\com.netflix.graphql.dgs\graphql-dgs-spring-graphql\9.0.4\62c175bae5b196766e98908591d2ddbb96eae9c6\graphql-dgs-spring-graphql-9.0.4.jar;C:\Users\ishit\.gradle\caches\modules-2\files-2.1\com.netflix.graphql.dgs\graphql-dgs-client\9.0.4\f4ad2ca8f703e64626f67887a811127ddc18240e\graphql-dgs-client-9.0.4.jar;C:\Users\ishit\.gradle\caches\modules-2\files-2.1\com.netflix.graphql.dgs\graphql-dgs-spring-webmvc\9.0.4\317f8cdf845b46aad488e748ed24a118c562a251\graphql-dgs-spring-webmvc-9.0.4.jar;C:\Users\ishit\.gradle\caches\modules-2\files-2.1\com.netflix.graphql.dgs\graphql-dgs-reactive\9.0.4\990b67802309a423987401fe273b091ac2ad0154\graphql-dgs-reactive-9.0.4.jar;C:\Users\ishit\.gradle\caches\modules-2\files-2.1\com.netflix.graphql.dgs\graphql-dgs\9.0.4\c2b59341785aa9e0b7f9acbbe63289f2e25df004\graphql-dgs-9.0.4.jar;C:\Users\ishit\.gradle\caches\modules-2\files-2.1\com.netflix.graphql.dgs\graphql-error-types\9.0.4\987115fb13ae469bf3c5e8aadc2ed3a9d07fd232\graphql-error-types-9.0.4.jar;C:\Users\ishit\.gradle\caches\modules-2\files-2.1\com.netflix.graphql.dgs\graphql-dgs-subscription-types\9.0.4\bbf0d4453113a975fa04fade9b067207e8b3e9c3\graphql-dgs-subscription-types-9.0.4.jar;C:\Users\ishit\.gradle\caches\modules-2\files-2.1\com.netflix.graphql.dgs\graphql-dgs-mocking\9.0.4\2519e586bf4973583d6114aea161b6935892746a\graphql-dgs-mocking-9.0.4.jar;C:\Users\ishit\.gradle\caches\modules-2\files-2.1\com.netflix.graphql.dgs\graphql-dgs-spring-graphql-starter\9.0.4\e3cebcf997d61650efcfea3c759d8a8984a25620\graphql-dgs-spring-graphql-starter-9.0.4.jar;C:\Users\ishit\.gradle\caches\modules-2\files-2.1\org.postgresql\postgresql\42.7.3\24f3e9f7231428cd20eb4dde00dd3fce44e05464\postgresql-42.7.3.jar;C:\Users\ishit\.gradle\caches\modules-2\files-2.1\org.springframework.boot\spring-boot-starter-aop\3.3.2\26d996e253768d3121bb3ffbef28cefc07fdbddb\spring-boot-starter-aop-3.3.2.jar;C:\Users\ishit\.gradle\caches\modules-2\files-2.1\org.springframework.boot\spring-boot-starter-jdbc\3.3.2\544775d745288972598ab2e872e5a4816b6d9b39\spring-boot-starter-jdbc-3.3.2.jar;C:\Users\ishit\.gradle\caches\modules-2\files-2.1\org.springframework.boot\spring-boot-starter-graphql\3.3.2\c7cdf1dad7c1db4afe03f1fec09b885e5768addb\spring-boot-starter-graphql-3.3.2.jar;C:\Users\ishit\.gradle\caches\modules-2\files-2.1\org.springframework.boot\spring-boot-starter-json\3.3.2\d8b8b73e7820092b4e41d730eeb968add7957c45\spring-boot-starter-json-3.3.2.jar;C:\Users\ishit\.gradle\caches\modules-2\files-2.1\org.springframework.boot\spring-boot-starter\3.3.2\f9377a223dab5c4afe7aead05bf6ac567cf565ab\spring-boot-starter-3.3.2.jar;C:\Users\ishit\.gradle\caches\modules-2\files-2.1\org.springframework.boot\spring-boot-autoconfigure\3.3.2\6a9ab910b00f0b504a5903e3680ac10018da6247\spring-boot-autoconfigure-3.3.2.jar;C:\Users\ishit\.gradle\caches\modules-2\files-2.1\org.springframework.boot\spring-boot\3.3.2\72a257d5518b2b8b9949a26543cdb3a4e67de5f8\spring-boot-3.3.2.jar;C:\Users\ishit\.gradle\caches\modules-2\files-2.1\com.fasterxml.jackson.module\jackson-module-kotlin\2.17.2\67d4e4ec0538f59a28c92f7fa0b63bd2c8b0ef21\jackson-module-kotlin-2.17.2.jar;C:\Users\ishit\.gradle\caches\modules-2\files-2.1\com.fasterxml.jackson.datatype\jackson-datatype-jsr310\2.17.2\267b85e9ba2892a37be6d80aa9ca1438a0d8c210\jackson-datatype-jsr310-2.17.2.jar;C:\Users\ishit\.gradle\caches\modules-2\files-2.1\com.fasterxml.jackson.core\jackson-annotations\2.17.2\147b7b9412ffff24339f8aba080b292448e08698\jackson-annotations-2.17.2.jar;C:\Users\ishit\.gradle\caches\modules-2\files-2.1\com.fasterxml.jackson.datatype\jackson-datatype-jdk8\2.17.2\efd3dd0e1d0db8bc72abbe71c15e697bb83b4b45\jackson-datatype-jdk8-2.17.2.jar;C:\Users\ishit\.gradle\caches\modules-2\files-2.1\com.fasterxml.jackson.core\jackson-core\2.17.2\969a35cb35c86512acbadcdbbbfb044c877db814\jackson-core-2.17.2.jar;C:\Users\ishit\.gradle\caches\modules-2\files-2.1\com.fasterxml.jackson.module\jackson-module-parameter-names\2.17.2\d27b9f95ccce98984c1ba58d61c5a9c072b1ad95\jackson-module-parameter-names-2.17.2.jar;C:\Users\ishit\.gradle\caches\modules-2\files-2.1\com.fasterxml.jackson.core\jackson-databind\2.17.2\e6deb029e5901e027c129341fac39e515066b68c\jackson-databind-2.17.2.jar;C:\Users\ishit\.gradle\caches\modules-2\files-2.1\org.hibernate.orm\hibernate-core\6.5.2.Final\e9e0cc47f6cd2b2553968aee66bd9e55e7485221\hibernate-core-6.5.2.Final.jar;C:\Users\ishit\.gradle\caches\modules-2\files-2.1\org.springframework.data\spring-data-jpa\3.3.2\cfa9cd077f3f15d0657bbb6d7c8e1c7c7da7e6e2\spring-data-jpa-3.3.2.jar;C:\Users\ishit\.gradle\caches\modules-2\files-2.1\org.springframework\spring-aspects\6.1.11\141d92094a460f338aa0999023ca7a25861d49a1\spring-aspects-6.1.11.jar;C:\Users\ishit\.gradle\caches\modules-2\files-2.1\org.jetbrains.kotlin\kotlin-reflect\1.9.24\767f8e3d382a98e2d5a465abe36be2b7019a7be4\kotlin-reflect-1.9.24.jar;C:\Users\ishit\.gradle\caches\modules-2\files-2.1\org.jetbrains.kotlinx\kotlinx-coroutines-reactive\1.8.1\2f13c27465c847461364012da6bd8b4eb0de5082\kotlinx-coroutines-reactive-1.8.1.jar;C:\Users\ishit\.gradle\caches\modules-2\files-2.1\org.jetbrains.kotlinx\kotlinx-coroutines-core-jvm\1.8.1\bb0e192bd7c2b6b8217440d36e9758e377e450\kotlinx-coroutines-core-jvm-1.8.1.jar;C:\Users\ishit\.gradle\caches\modules-2\files-2.1\org.jetbrains.kotlinx\kotlinx-coroutines-reactor\1.8.1\e15d01225c75a731e8e2aae41dcade5c895249b7\kotlinx-coroutines-reactor-1.8.1.jar;C:\Users\ishit\.gradle\caches\modules-2\files-2.1\org.jetbrains.kotlin\kotlin-stdlib\1.9.24\9928532f12c66ad816a625b3f9984f8368ca6d2b\kotlin-stdlib-1.9.24.jar;C:\Users\ishit\.gradle\caches\modules-2\files-2.1\org.checkerframework\checker-qual\3.42.0\638ec33f363a94d41a4f03c3e7d3dcfba64e402d\checker-qual-3.42.0.jar;C:\Users\ishit\.gradle\caches\modules-2\files-2.1\org.springframework.graphql\spring-graphql\1.3.2\1752565a76cdf53a0ae91288e812ae52d4fbe3fa\spring-graphql-1.3.2.jar;C:\Users\ishit\.gradle\caches\modules-2\files-2.1\org.springframework\spring-websocket\6.1.11\8384070351969296a3a8be90950ef171c92c2a68\spring-websocket-6.1.11.jar;C:\Users\ishit\.gradle\caches\modules-2\files-2.1\org.springframework\spring-context\6.1.11\8fc69f776333713aa26be8821af8c6355ccad8d8\spring-context-6.1.11.jar;C:\Users\ishit\.gradle\caches\modules-2\files-2.1\org.springframework\spring-aop\6.1.11\3503ef99b759b81f8b0b3d5260bf4842e393a581\spring-aop-6.1.11.jar;C:\Users\ishit\.gradle\caches\modules-2\files-2.1\org.springframework\spring-orm\6.1.11\b96b83839b970f3a5d2ad2f86845924654a17886\spring-orm-6.1.11.jar;C:\Users\ishit\.gradle\caches\modules-2\files-2.1\org.springframework\spring-jdbc\6.1.11\92b9f712206993c56c56903547c6b695a4a70128\spring-jdbc-6.1.11.jar;C:\Users\ishit\.gradle\caches\modules-2\files-2.1\org.springframework.data\spring-data-commons\3.3.2\5f08fd077c957fd561bef09b08ef6cdf54e1c826\spring-data-commons-3.3.2.jar;C:\Users\ishit\.gradle\caches\modules-2\files-2.1\org.springframework\spring-tx\6.1.11\2e38b3218ae80d0b5401a4ef299c4cfbc3a73ed7\spring-tx-6.1.11.jar;C:\Users\ishit\.gradle\caches\modules-2\files-2.1\org.springframework\spring-web\6.1.11\8910d08f15492273543d2c8032b2b895e08ed9e\spring-web-6.1.11.jar;C:\Users\ishit\.gradle\caches\modules-2\files-2.1\org.springframework\spring-beans\6.1.11\266176d132ab2bbf8e69e4aa6d7f47ec746ddc9a\spring-beans-6.1.11.jar;C:\Users\ishit\.gradle\caches\modules-2\files-2.1\org.springframework\spring-expression\6.1.11\7c12cf1cd39289cfab7c5933eda9e4704a7f2799\spring-expression-6.1.11.jar;C:\Users\ishit\.gradle\caches\modules-2\files-2.1\org.springframework\spring-core\6.1.11\90fce4311852c68c1e87c65adf60db9add1a6dcb\spring-core-6.1.11.jar;C:\Users\ishit\.gradle\caches\modules-2\files-2.1\org.aspectj\aspectjweaver\1.9.22.1\bca243d0af0db4758fbae45c5f4995cb5dabb612\aspectjweaver-1.9.22.1.jar;C:\Users\ishit\.gradle\caches\modules-2\files-2.1\com.zaxxer\HikariCP\5.1.0\8c96e36c14461fc436bb02b264b96ef3ca5dca8c\HikariCP-5.1.0.jar;C:\Users\ishit\.gradle\caches\modules-2\files-2.1\jakarta.persistence\jakarta.persistence-api\3.1.0\66901fa1c373c6aff65c13791cc11da72060a8d6\jakarta.persistence-api-3.1.0.jar;C:\Users\ishit\.gradle\caches\modules-2\files-2.1\jakarta.transaction\jakarta.transaction-api\2.0.1\51a520e3fae406abb84e2e1148e6746ce3f80a1a\jakarta.transaction-api-2.0.1.jar;C:\Users\ishit\.gradle\caches\modules-2\files-2.1\org.jboss.logging\jboss-logging\3.5.3.Final\c88fc1d8a96d4c3491f55d4317458ccad53ca663\jboss-logging-3.5.3.Final.jar;C:\Users\ishit\.gradle\caches\modules-2\files-2.1\org.hibernate.common\hibernate-commons-annotations\6.0.6.Final\77a5f94b56d49508e0ee334751db5b78e5ccd50c\hibernate-commons-annotations-6.0.6.Final.jar;C:\Users\ishit\.gradle\caches\modules-2\files-2.1\io.smallrye\jandex\3.1.2\a6c1c89925c7df06242b03dddb353116ceb9584c\jandex-3.1.2.jar;C:\Users\ishit\.gradle\caches\modules-2\files-2.1\com.fasterxml\classmate\1.7.0\e98374da1f2143ac8e6e0a95036994bb19137a3\classmate-1.7.0.jar;C:\Users\ishit\.gradle\caches\modules-2\files-2.1\net.bytebuddy\byte-buddy\1.14.18\81e9b9a20944626e6757b5950676af901c2485\byte-buddy-1.14.18.jar;C:\Users\ishit\.gradle\caches\modules-2\files-2.1\org.glassfish.jaxb\jaxb-runtime\4.0.5\ca84c2a7169b5293e232b9d00d1e4e36d4c3914a\jaxb-runtime-4.0.5.jar;C:\Users\ishit\.gradle\caches\modules-2\files-2.1\org.glassfish.jaxb\jaxb-core\4.0.5\7b4b11ea5542eea4ad55e1080b23be436795b3\jaxb-core-4.0.5.jar;C:\Users\ishit\.gradle\caches\modules-2\files-2.1\jakarta.xml.bind\jakarta.xml.bind-api\4.0.2\6cd5a999b834b63238005b7144136379dc36cad2\jakarta.xml.bind-api-4.0.2.jar;C:\Users\ishit\.gradle\caches\modules-2\files-2.1\jakarta.inject\jakarta.inject-api\2.0.1\4c28afe1991a941d7702fe1362c365f0a8641d1e\jakarta.inject-api-2.0.1.jar;C:\Users\ishit\.gradle\caches\modules-2\files-2.1\org.antlr\antlr4-runtime\4.13.0\5a02e48521624faaf5ff4d99afc88b01686af655\antlr4-runtime-4.13.0.jar;C:\Users\ishit\.gradle\caches\modules-2\files-2.1\jakarta.annotation\jakarta.annotation-api\2.1.1\48b9bda22b091b1f48b13af03fe36db3be6e1ae3\jakarta.annotation-api-2.1.1.jar;C:\Users\ishit\.gradle\caches\modules-2\files-2.1\com.jayway.jsonpath\json-path\2.9.0\37fe2217f577b0b68b18e62c4d17a8858ecf9b69\json-path-2.9.0.jar;C:\Users\ishit\.gradle\caches\modules-2\files-2.1\com.apollographql.federation\federation-graphql-java-support\5.0.0\6ee591757f2fb3a91a69a3c197c3d943cbdfeb2c\federation-graphql-java-support-5.0.0.jar;C:\Users\ishit\.gradle\caches\modules-2\files-2.1\com.graphql-java\graphql-java\22.1\567a967b71fa367308847d747c571413d12ef48c\graphql-java-22.1.jar;C:\Users\ishit\.gradle\caches\modules-2\files-2.1\com.graphql-java\java-dataloader\3.3.0\1786c5efbf871395a32cbce1a2114d6788ac4f53\java-dataloader-3.3.0.jar;C:\Users\ishit\.gradle\caches\modules-2\files-2.1\org.springframework.boot\spring-boot-starter-logging\3.3.2\b685c97f3c24dc30c53ae18151a798f701f2a640\spring-boot-starter-logging-3.3.2.jar;C:\Users\ishit\.gradle\caches\modules-2\files-2.1\ch.qos.logback\logback-classic\1.5.6\afc75d260d838a3bddfb8f207c2805ed7d1b34f9\logback-classic-1.5.6.jar;C:\Users\ishit\.gradle\caches\modules-2\files-2.1\org.slf4j\jul-to-slf4j\2.0.13\a3bcd9d9dd50c71ce69f06b1fd05e40fdeff6ba5\jul-to-slf4j-2.0.13.jar;C:\Users\ishit\.gradle\caches\modules-2\files-2.1\org.apache.logging.log4j\log4j-to-slf4j\2.23.1\425ad1eb8a39904d2830e907a324e956fb456520\log4j-to-slf4j-2.23.1.jar;C:\Users\ishit\.gradle\caches\modules-2\files-2.1\org.slf4j\slf4j-api\2.0.13\80229737f704b121a318bba5d5deacbcf395bc77\slf4j-api-2.0.13.jar;C:\Users\ishit\.gradle\caches\modules-2\files-2.1\io.projectreactor.kotlin\reactor-kotlin-extensions\1.2.2\1b62450afe2faa101fee7a0bc297f18f9ef66146\reactor-kotlin-extensions-1.2.2.jar;C:\Users\ishit\.gradle\caches\modules-2\files-2.1\io.projectreactor\reactor-core\3.6.1\a3be3c85954485cbb3751205fe56fa42ee9efa4c\reactor-core-3.6.1.jar;C:\Users\ishit\.gradle\caches\modules-2\files-2.1\org.apache.logging.log4j\log4j-api\2.23.1\9c15c29c526d9c6783049c0a77722693c66706e1\log4j-api-2.23.1.jar;C:\Users\ishit\.gradle\caches\modules-2\files-2.1\io.micrometer\context-propagation\1.1.1\7c62beb1188d7458f5a4b60fcaf4a795cc290508\context-propagation-1.1.1.jar;C:\Users\ishit\.gradle\caches\modules-2\files-2.1\org.apache.commons\commons-lang3\3.14.0\1ed471194b02f2c6cb734a0cd6f6f107c673afae\commons-lang3-3.14.0.jar;C:\Users\ishit\.gradle\caches\modules-2\files-2.1\org.jetbrains\annotations\24.1.0\7af6a669488450c4a07c2c3254e2151df42d7d04\annotations-24.1.0.jar;C:\Users\ishit\.gradle\caches\modules-2\files-2.1\org.springframework\spring-jcl\6.1.11\97b34c6b72c8084759e71cd09a7dad16bfb8f1da\spring-jcl-6.1.11.jar;C:\Users\ishit\.gradle\caches\modules-2\files-2.1\io.micrometer\micrometer-observation\1.13.2\a498ee0871596f41a61679a29bc8390defba4245\micrometer-observation-1.13.2.jar;C:\Users\ishit\.gradle\caches\modules-2\files-2.1\net.datafaker\datafaker\2.3.0\1108a3cf8fee7c33458c136c99c10ceac27c85bf\datafaker-2.3.0.jar;C:\Users\ishit\.gradle\caches\modules-2\files-2.1\org.yaml\snakeyaml\2.2\3af797a25458550a16bf89acc8e4ab2b7f2bfce0\snakeyaml-2.2.jar;C:\Users\ishit\.gradle\caches\modules-2\files-2.1\org.eclipse.angus\angus-activation\2.0.2\41f1e0ddd157c856926ed149ab837d110955a9fc\angus-activation-2.0.2.jar;C:\Users\ishit\.gradle\caches\modules-2\files-2.1\jakarta.activation\jakarta.activation-api\2.1.3\fa165bd70cda600368eee31555222776a46b881f\jakarta.activation-api-2.1.3.jar;C:\Users\ishit\.gradle\caches\modules-2\files-2.1\org.reactivestreams\reactive-streams\1.0.4\3864a1320d97d7b045f729a326e1e077661f31b7\reactive-streams-1.0.4.jar;C:\Users\ishit\.gradle\caches\modules-2\files-2.1\net.minidev\json-smart\2.5.1\4c11d2808d009132dfbbf947ebf37de6bf266c8e\json-smart-2.5.1.jar;C:\Users\ishit\.gradle\caches\modules-2\files-2.1\io.micrometer\micrometer-commons\1.13.2\b2b69f7887f9bf6f5ae42e86a67a62367056aa3c\micrometer-commons-1.13.2.jar;C:\Users\ishit\.gradle\caches\modules-2\files-2.1\org.glassfish.jaxb\txw2\4.0.5\f36a4ef12120a9bb06d766d6a0e54b144fd7ed98\txw2-4.0.5.jar;C:\Users\ishit\.gradle\caches\modules-2\files-2.1\com.sun.istack\istack-commons-runtime\4.1.2\18ec117c85f3ba0ac65409136afa8e42bc74e739\istack-commons-runtime-4.1.2.jar;C:\Users\ishit\.gradle\caches\modules-2\files-2.1\net.minidev\accessors-smart\2.5.1\19b820261eb2e7de7d5bde11d1c06e4501dd7e5f\accessors-smart-2.5.1.jar;C:\Users\ishit\.gradle\caches\modules-2\files-2.1\com.google.protobuf\protobuf-java\4.26.1\594fabdcbceb7edfb883fe621d3e97d9cc05fa73\protobuf-java-4.26.1.jar;C:\Users\ishit\.gradle\caches\modules-2\files-2.1\ch.qos.logback\logback-core\1.5.6\41cbe874701200c5624c19e0ab50d1b88dfcc77d\logback-core-1.5.6.jar;C:\Users\ishit\.gradle\caches\modules-2\files-2.1\org.ow2.asm\asm\9.6\aa205cf0a06dbd8e04ece91c0b37c3f5d567546a\asm-9.6.jar;C:\Users\ishit\.gradle\caches\modules-2\files-2.1\com.github.curious-odd-man\rgxgen\2.0\43d0a91c7c90a3427dc88c42853649b3eb1207e2\rgxgen-2.0.jar;C:\Users\ishit\.gradle\caches\modules-2\files-2.1\com.googlecode.libphonenumber\libphonenumber\8.13.40\501d3bbd299d03b3abafb573890d0874b41c48bd\libphonenumber-8.13.40.jar
Launcher Type: SUN_STANDARD

[Global flags]
     intx CICompilerCount                          = 4                                         {product} {ergonomic}
     uint ConcGCThreads                            = 3                                         {product} {ergonomic}
     uint G1ConcRefinementThreads                  = 10                                        {product} {ergonomic}
   size_t G1HeapRegionSize                         = 2097152                                   {product} {ergonomic}
   size_t InitialHeapSize                          = 264241152                                 {product} {ergonomic}
   size_t MarkStackSize                            = 4194304                                   {product} {ergonomic}
   size_t MaxHeapSize                              = 4213178368                                {product} {ergonomic}
   size_t MinHeapDeltaBytes                        = 2097152                                   {product} {ergonomic}
   size_t MinHeapSize                              = 8388608                                   {product} {ergonomic}
    uintx NonNMethodCodeHeapSize                   = 5839372                                {pd product} {ergonomic}
    uintx NonProfiledCodeHeapSize                  = 122909434                              {pd product} {ergonomic}
    uintx ProfiledCodeHeapSize                     = 122909434                              {pd product} {ergonomic}
    uintx ReservedCodeCacheSize                    = 251658240                              {pd product} {ergonomic}
     bool SegmentedCodeCache                       = true                                      {product} {ergonomic}
   size_t SoftMaxHeapSize                          = 4213178368                             {manageable} {ergonomic}
     bool UseCompressedOops                        = true                           {product lp64_product} {ergonomic}
     bool UseG1GC                                  = true                                      {product} {ergonomic}
     bool UseLargePagesIndividualAllocation        = false                                  {pd product} {ergonomic}

Logging:
Log output configuration:
 #0: stdout all=warning uptime,level,tags foldmultilines=false
 #1: stderr all=off uptime,level,tags foldmultilines=false

Environment Variables:
PATH=C:\Program Files\Common Files\Oracle\Java\javapath;C:\Program Files (x86)\Common Files\Oracle\Java\java8path;C:\Program Files (x86)\Common Files\Oracle\Java\javapath;C:\Windows\system32;C:\Windows;C:\Windows\System32\Wbem;C:\Windows\System32\WindowsPowerShell\v1.0\;C:\Windows\System32\OpenSSH\;C:\Program Files\dotnet\;C:\Program Files\Microsoft VS Code\bin;C:\MinGW\bin;C:\Program Files (x86)\GnuWin32\bin;C:\Program Files\Git\cmd;C:\Program Files\Git\mingw64\bin;C:\Program Files\Git\usr\bin;C:\Program Files\nodejs\;C:\Program Files\Docker\Docker\resources\bin;C:\Program Files\MongoDB\mongosh-2.2.9-win32-x64\bin;C:\Users\ishit\AppData\Local\Programs\Python\Python311\Scripts\;C:\Users\ishit\AppData\Local\Programs\Python\Python311\;C:\Windows\system32;C:\Windows;C:\Windows\System32\Wbem;C:\Windows\System32\WindowsPowerShell\v1.0\;C:\Windows\System32\OpenSSH\;C:\Program Files\dotnet\;C:\Program Files\Microsoft VS Code\bin;C:\MinGW\bin;C:\Windows\system32;C:\Windows;C:\Windows\System32\Wbem;C:\Windows\System32\WindowsPowerShell\v1.0\;C:\Windows\System32\OpenSSH\;C:\Program Files\dotnet\;C:\Program Files\Microsoft VS Code\bin;C:\MinGW\bin;C:\Users\ishit\AppData\Local\Microsoft\WindowsApps;C:\Users\ishit\AppData\Local\Programs\Python\Python311\python.exe;C:\Users\ishit\AppData\Local\Programs\Python\Python311\python.exe;C:\Users\ishit\AppData\Local\Programs\Python\Python311\python.exe;C:\Users\ishit\AppData\Roaming\npm;C:\Users\ishit\AppData\Local\GitHubDesktop\bin;C:\Program Files\JetBrains\IntelliJ IDEA Community Edition 2024.1.1\bin;
USERNAME=ishit
OS=Windows_NT
PROCESSOR_IDENTIFIER=Intel64 Family 6 Model 154 Stepping 4, GenuineIntel
TMP=C:\Users\ishit\AppData\Local\Temp
TEMP=C:\Users\ishit\AppData\Local\Temp




Periodic native trim disabled

---------------  S Y S T E M  ---------------

OS:
 Windows 11 , 64 bit Build 22621 (10.0.22621.3958)
OS uptime: 0 days 0:05 hours
Hyper-V role detected

CPU: total 12 (initial active 12) (6 cores per cpu, 2 threads per core) family 6 model 154 stepping 4 microcode 0x434, cx8, cmov, fxsr, ht, mmx, 3dnowpref, sse, sse2, sse3, ssse3, sse4.1, sse4.2, popcnt, lzcnt, tsc, tscinvbit, avx, avx2, aes, erms, clmul, bmi1, bmi2, adx, sha, fma, vzeroupper, clflush, clflushopt, clwb, hv, serialize, rdtscp, rdpid, fsrm, f16c, cet_ibt, cet_ss
Processor Information for processor 0
  Max Mhz: 1700, Current Mhz: 1700, Mhz Limit: 1700
Processor Information for processor 1
  Max Mhz: 1700, Current Mhz: 1700, Mhz Limit: 1700
Processor Information for processor 2
  Max Mhz: 1700, Current Mhz: 1700, Mhz Limit: 1700
Processor Information for processor 3
  Max Mhz: 1700, Current Mhz: 1700, Mhz Limit: 1700
Processor Information for processor 4
  Max Mhz: 1700, Current Mhz: 1200, Mhz Limit: 1190
Processor Information for processor 5
  Max Mhz: 1700, Current Mhz: 1200, Mhz Limit: 1190
Processor Information for processor 6
  Max Mhz: 1700, Current Mhz: 1200, Mhz Limit: 1190
Processor Information for processor 7
  Max Mhz: 1700, Current Mhz: 1200, Mhz Limit: 1190
Processor Information for processor 8
  Max Mhz: 1700, Current Mhz: 1200, Mhz Limit: 1190
Processor Information for processor 9
  Max Mhz: 1700, Current Mhz: 1200, Mhz Limit: 1190
Processor Information for processor 10
  Max Mhz: 1700, Current Mhz: 1200, Mhz Limit: 1190
Processor Information for processor 11
  Max Mhz: 1700, Current Mhz: 1200, Mhz Limit: 1190

Memory: 4k page, system-wide physical 16068M (1607M free)
TotalPageFile size 16068M (AvailPageFile size 12M)
current process WorkingSet (physical memory assigned to process): 12M, peak: 12M
current process commit charge ("private bytes"): 65M, peak: 316M

vm_info: Java HotSpot(TM) 64-Bit Server VM (22.0.1+8-16) for windows-amd64 JRE (22.0.1+8-16), built on 2024-03-12T10:33:16Z by "mach5one" with MS VC++ 17.6 (VS2022)

END.
