#
# There is insufficient memory for the Java Runtime Environment to continue.
# Native memory allocation (malloc) failed to allocate 1547408 bytes. Error detail: Chunk::new
# Possible reasons:
#   The system is out of physical RAM or swap space
#   This process is running with CompressedOops enabled, and the Java Heap may be blocking the growth of the native heap
# Possible solutions:
#   Reduce memory load on the system
#   Increase physical memory or swap space
#   Check if swap backing store is full
#   Decrease Java heap size (-Xmx/-Xms)
#   Decrease number of Java threads
#   Decrease Java thread stack sizes (-Xss)
#   Set larger code cache with -XX:ReservedCodeCacheSize=
#   JVM is running with Unscaled Compressed Oops mode in which the Java heap is
#     placed in the first 4GB address space. The Java Heap base address is the
#     maximum limit for the native heap growth. Please use -XX:HeapBaseMinAddress
#     to set the Java Heap base and to place the Java Heap above 4GB virtual address.
# This output file may be truncated or incomplete.
#
#  Out of Memory Error (arena.cpp:150), pid=22044, tid=17508
#
# JRE version: Java(TM) SE Runtime Environment (22.0.1+8) (build 22.0.1+8-16)
# Java VM: Java HotSpot(TM) 64-Bit Server VM (22.0.1+8-16, mixed mode, sharing, tiered, compressed oops, compressed class ptrs, g1 gc, windows-amd64)
# No core dump will be written. Minidumps are not enabled by default on client versions of Windows
#

---------------  S U M M A R Y ------------

Command Line: --add-opens=java.base/java.util=ALL-UNNAMED --add-opens=java.base/java.lang=ALL-UNNAMED --add-opens=java.base/java.lang.invoke=ALL-UNNAMED --add-opens=java.prefs/java.util.prefs=ALL-UNNAMED --add-opens=java.base/java.nio.charset=ALL-UNNAMED --add-opens=java.base/java.net=ALL-UNNAMED --add-opens=java.base/java.util.concurrent.atomic=ALL-UNNAMED -XX:MaxMetaspaceSize=384m -XX:+HeapDumpOnOutOfMemoryError -Xms256m -Xmx512m -Dfile.encoding=windows-1252 -Duser.country=IN -Duser.language=en -Duser.variant -javaagent:C:\Users\ishit\.gradle\wrapper\dists\gradle-8.8-bin\dl7vupf4psengwqhwktix4v1\gradle-8.8\lib\agents\gradle-instrumentation-agent-8.8.jar org.gradle.launcher.daemon.bootstrap.GradleDaemon 8.8

Host: 12th Gen Intel(R) Core(TM) i7-1255U, 12 cores, 15G,  Windows 11 , 64 bit Build 22621 (10.0.22621.3958)
Time: Tue Aug 20 23:25:13 2024 India Standard Time elapsed time: 2.723208 seconds (0d 0h 0m 2s)

---------------  T H R E A D  ---------------

Current thread (0x000001e7a824dbf0):  JavaThread "C2 CompilerThread1" daemon [_thread_in_native, id=17508, stack(0x000000b99a500000,0x000000b99a600000) (1024K)]


Current CompileTask:
C2:2723 3589       4       java.net.URLClassLoader$1::run (5 bytes)

Stack: [0x000000b99a500000,0x000000b99a600000]
Native frames: (J=compiled Java code, j=interpreted, Vv=VM code, C=native code)
V  [jvm.dll+0x6e2279]  (no source info available)
V  [jvm.dll+0x874e33]  (no source info available)
V  [jvm.dll+0x87725e]  (no source info available)
V  [jvm.dll+0x877933]  (no source info available)
V  [jvm.dll+0x27fd76]  (no source info available)
V  [jvm.dll+0xc3d0f]  (no source info available)
V  [jvm.dll+0xc3f6b]  (no source info available)
V  [jvm.dll+0x3bb10c]  (no source info available)
V  [jvm.dll+0x1df87e]  (no source info available)
V  [jvm.dll+0x247a5c]  (no source info available)
V  [jvm.dll+0x246fbf]  (no source info available)
V  [jvm.dll+0x1c4e90]  (no source info available)
V  [jvm.dll+0x2569fe]  (no source info available)
V  [jvm.dll+0x254cba]  (no source info available)
V  [jvm.dll+0x3f5336]  (no source info available)
V  [jvm.dll+0x81d44b]  (no source info available)
V  [jvm.dll+0x6e0915]  (no source info available)
C  [ucrtbase.dll+0x29333]  (no source info available)
C  [KERNEL32.DLL+0x1257d]  (no source info available)
C  [ntdll.dll+0x5af28]  (no source info available)


---------------  P R O C E S S  ---------------

Threads class SMR info:
_java_thread_list=0x000001e7aa2d12e0, length=35, elements={
0x000001e7e8b650b0, 0x000001e7f6bdc1c0, 0x000001e7f6bdcfe0, 0x000001e7a8110080,
0x000001e7a8112af0, 0x000001e7a8113cf0, 0x000001e7a8114ef0, 0x000001e7a81169c0,
0x000001e7a81248a0, 0x000001e7f6bae360, 0x000001e7a824dbf0, 0x000001e7a83d17e0,
0x000001e7a9b7d590, 0x000001e7a9bfb980, 0x000001e7a9f24ac0, 0x000001e7a9d44190,
0x000001e7a9e55510, 0x000001e7a9aa2220, 0x000001e7aa110d90, 0x000001e7aa111ab0,
0x000001e7aa110070, 0x000001e7aa110700, 0x000001e7aa111420, 0x000001e7aa1134f0,
0x000001e7aa112140, 0x000001e7aa112e60, 0x000001e7abafdb40, 0x000001e7abaff580,
0x000001e7abafb3e0, 0x000001e7abb00930, 0x000001e7abaffc10, 0x000001e7abb002a0,
0x000001e7a824e990, 0x000001e7abb02370, 0x000001e7abafce20
}

Java Threads: ( => current thread )
  0x000001e7e8b650b0 JavaThread "main"                              [_thread_blocked, id=23844, stack(0x000000b999400000,0x000000b999500000) (1024K)]
  0x000001e7f6bdc1c0 JavaThread "Reference Handler"          daemon [_thread_blocked, id=13836, stack(0x000000b999c00000,0x000000b999d00000) (1024K)]
  0x000001e7f6bdcfe0 JavaThread "Finalizer"                  daemon [_thread_blocked, id=2356, stack(0x000000b999d00000,0x000000b999e00000) (1024K)]
  0x000001e7a8110080 JavaThread "Signal Dispatcher"          daemon [_thread_blocked, id=17236, stack(0x000000b999e00000,0x000000b999f00000) (1024K)]
  0x000001e7a8112af0 JavaThread "Attach Listener"            daemon [_thread_blocked, id=8, stack(0x000000b999f00000,0x000000b99a000000) (1024K)]
  0x000001e7a8113cf0 JavaThread "Service Thread"             daemon [_thread_blocked, id=8728, stack(0x000000b99a000000,0x000000b99a100000) (1024K)]
  0x000001e7a8114ef0 JavaThread "Monitor Deflation Thread"   daemon [_thread_blocked, id=16560, stack(0x000000b99a100000,0x000000b99a200000) (1024K)]
  0x000001e7a81169c0 JavaThread "C2 CompilerThread0"         daemon [_thread_in_native, id=17752, stack(0x000000b99a200000,0x000000b99a300000) (1024K)]
  0x000001e7a81248a0 JavaThread "C1 CompilerThread0"         daemon [_thread_blocked, id=2600, stack(0x000000b99a300000,0x000000b99a400000) (1024K)]
  0x000001e7f6bae360 JavaThread "Common-Cleaner"             daemon [_thread_blocked, id=20520, stack(0x000000b99a400000,0x000000b99a500000) (1024K)]
=>0x000001e7a824dbf0 JavaThread "C2 CompilerThread1"         daemon [_thread_in_native, id=17508, stack(0x000000b99a500000,0x000000b99a600000) (1024K)]
  0x000001e7a83d17e0 JavaThread "Notification Thread"        daemon [_thread_blocked, id=21772, stack(0x000000b99a600000,0x000000b99a700000) (1024K)]
  0x000001e7a9b7d590 JavaThread "Daemon health stats"               [_thread_blocked, id=20528, stack(0x000000b99ad00000,0x000000b99ae00000) (1024K)]
  0x000001e7a9bfb980 JavaThread "Incoming local TCP Connector on port 31477"        [_thread_in_native, id=11128, stack(0x000000b99ae00000,0x000000b99af00000) (1024K)]
  0x000001e7a9f24ac0 JavaThread "Daemon periodic checks"            [_thread_blocked, id=1064, stack(0x000000b99af00000,0x000000b99b000000) (1024K)]
  0x000001e7a9d44190 JavaThread "Daemon"                            [_thread_blocked, id=24476, stack(0x000000b99b000000,0x000000b99b100000) (1024K)]
  0x000001e7a9e55510 JavaThread "Handler for socket connection from /127.0.0.1:31477 to /127.0.0.1:31478"        [_thread_in_native, id=17088, stack(0x000000b99b100000,0x000000b99b200000) (1024K)]
  0x000001e7a9aa2220 JavaThread "Cancel handler"                    [_thread_blocked, id=10756, stack(0x000000b99b200000,0x000000b99b300000) (1024K)]
  0x000001e7aa110d90 JavaThread "Daemon worker"                     [_thread_in_vm, id=3808, stack(0x000000b99b300000,0x000000b99b400000) (1024K)]
  0x000001e7aa111ab0 JavaThread "Asynchronous log dispatcher for DefaultDaemonConnection: socket connection from /127.0.0.1:31477 to /127.0.0.1:31478"        [_thread_blocked, id=4580, stack(0x000000b99b400000,0x000000b99b500000) (1024K)]
  0x000001e7aa110070 JavaThread "Stdin handler"                     [_thread_blocked, id=24616, stack(0x000000b99b500000,0x000000b99b600000) (1024K)]
  0x000001e7aa110700 JavaThread "Daemon client event forwarder"        [_thread_blocked, id=23132, stack(0x000000b99b600000,0x000000b99b700000) (1024K)]
  0x000001e7aa111420 JavaThread "Cache worker for journal cache (C:\Users\ishit\.gradle\caches\journal-1)"        [_thread_blocked, id=20516, stack(0x000000b99b700000,0x000000b99b800000) (1024K)]
  0x000001e7aa1134f0 JavaThread "File lock request listener"        [_thread_in_native, id=8220, stack(0x000000b99b800000,0x000000b99b900000) (1024K)]
  0x000001e7aa112140 JavaThread "Cache worker for file hash cache (C:\Users\ishit\.gradle\caches\8.8\fileHashes)"        [_thread_blocked, id=20628, stack(0x000000b99b900000,0x000000b99ba00000) (1024K)]
  0x000001e7aa112e60 JavaThread "Cache worker for file hash cache (C:\Users\ishit\IdeaProjects\service\.gradle\8.8\fileHashes)"        [_thread_blocked, id=23544, stack(0x000000b99ac00000,0x000000b99ad00000) (1024K)]
  0x000001e7abafdb40 JavaThread "File watcher server"        daemon [_thread_in_native, id=4416, stack(0x000000b99c000000,0x000000b99c100000) (1024K)]
  0x000001e7abaff580 JavaThread "File watcher consumer"      daemon [_thread_blocked, id=4560, stack(0x000000b99c100000,0x000000b99c200000) (1024K)]
  0x000001e7abafb3e0 JavaThread "Cache worker for checksums cache (C:\Users\ishit\IdeaProjects\service\.gradle\8.8\checksums)"        [_thread_blocked, id=2888, stack(0x000000b99c200000,0x000000b99c300000) (1024K)]
  0x000001e7abb00930 JavaThread "Cache worker for file content cache (C:\Users\ishit\.gradle\caches\8.8\fileContent)"        [_thread_blocked, id=4504, stack(0x000000b99c300000,0x000000b99c400000) (1024K)]
  0x000001e7abaffc10 JavaThread "Cache worker for cache directory md-rule (C:\Users\ishit\.gradle\caches\8.8\md-rule)"        [_thread_blocked, id=24360, stack(0x000000b99c400000,0x000000b99c500000) (1024K)]
  0x000001e7abb002a0 JavaThread "Cache worker for cache directory md-supplier (C:\Users\ishit\.gradle\caches\8.8\md-supplier)"        [_thread_blocked, id=13180, stack(0x000000b99c500000,0x000000b99c600000) (1024K)]
  0x000001e7a824e990 JavaThread "C2 CompilerThread2"         daemon [_thread_in_native, id=4608, stack(0x000000b99c600000,0x000000b99c700000) (1024K)]
  0x000001e7abb02370 JavaThread "jar transforms"                    [_thread_blocked, id=16484, stack(0x000000b99c700000,0x000000b99c800000) (1024K)]
  0x000001e7abafce20 JavaThread "jar transforms Thread 2"           [_thread_blocked, id=3936, stack(0x000000b99c800000,0x000000b99c900000) (1024K)]
Total: 35

Other Threads:
  0x000001e7f6bbbd20 VMThread "VM Thread"                           [id=20084, stack(0x000000b999b00000,0x000000b999c00000) (1024K)]
  0x000001e7f6bad140 WatcherThread "VM Periodic Task Thread"        [id=336, stack(0x000000b999a00000,0x000000b999b00000) (1024K)]
  0x000001e7eacda580 WorkerThread "GC Thread#0"                     [id=21360, stack(0x000000b999500000,0x000000b999600000) (1024K)]
  0x000001e7a8df52b0 WorkerThread "GC Thread#1"                     [id=23680, stack(0x000000b99a700000,0x000000b99a800000) (1024K)]
  0x000001e7a8f473d0 WorkerThread "GC Thread#2"                     [id=17128, stack(0x000000b99a800000,0x000000b99a900000) (1024K)]
  0x000001e7a8f47780 WorkerThread "GC Thread#3"                     [id=20192, stack(0x000000b99a900000,0x000000b99aa00000) (1024K)]
  0x000001e7a8f47f40 WorkerThread "GC Thread#4"                     [id=5652, stack(0x000000b99aa00000,0x000000b99ab00000) (1024K)]
  0x000001e7a8f486f0 WorkerThread "GC Thread#5"                     [id=5184, stack(0x000000b99ab00000,0x000000b99ac00000) (1024K)]
  0x000001e7ac69fa20 WorkerThread "GC Thread#6"                     [id=4372, stack(0x000000b99ba00000,0x000000b99bb00000) (1024K)]
  0x000001e7ac6a08e0 WorkerThread "GC Thread#7"                     [id=16452, stack(0x000000b99bb00000,0x000000b99bc00000) (1024K)]
  0x000001e7ac69fdd0 WorkerThread "GC Thread#8"                     [id=9832, stack(0x000000b99bc00000,0x000000b99bd00000) (1024K)]
  0x000001e7ac69f670 WorkerThread "GC Thread#9"                     [id=4612, stack(0x000000b99bd00000,0x000000b99be00000) (1024K)]
  0x000001e7eacdf570 ConcurrentGCThread "G1 Main Marker"            [id=4548, stack(0x000000b999600000,0x000000b999700000) (1024K)]
  0x000001e7eace0080 WorkerThread "G1 Conc#0"                       [id=16168, stack(0x000000b999700000,0x000000b999800000) (1024K)]
  0x000001e7aa44c8b0 WorkerThread "G1 Conc#1"                       [id=2360, stack(0x000000b99be00000,0x000000b99bf00000) (1024K)]
  0x000001e7aa44ded0 WorkerThread "G1 Conc#2"                       [id=22768, stack(0x000000b99bf00000,0x000000b99c000000) (1024K)]
  0x000001e7f6a7da40 ConcurrentGCThread "G1 Refine#0"               [id=21368, stack(0x000000b999800000,0x000000b999900000) (1024K)]
  0x000001e7f6a7f3e0 ConcurrentGCThread "G1 Service"                [id=16592, stack(0x000000b999900000,0x000000b999a00000) (1024K)]
Total: 18

Threads with active compile tasks:
C2 CompilerThread0  2761 3569   !   4       java.lang.ClassLoader::loadClass (121 bytes)
C2 CompilerThread1  2761 3589       4       java.net.URLClassLoader$1::run (5 bytes)
C2 CompilerThread2  2761 3759       4       java.lang.reflect.Executable::getAnnotation (23 bytes)
Total: 3

VM state: not at safepoint (normal execution)

VM Mutex/Monitor currently owned by a thread: None

Heap address: 0x00000000e0000000, size: 512 MB, Compressed Oops mode: 32-bit

CDS archive(s) mapped at: [0x000001e78f000000-0x000001e78fc60000-0x000001e78fc60000), size 12976128, SharedBaseAddress: 0x000001e78f000000, ArchiveRelocationMode: 1.
Compressed class space mapped at: 0x000001e790000000-0x000001e7a4000000, reserved size: 335544320
Narrow klass base: 0x000001e78f000000, Narrow klass shift: 0, Narrow klass range: 0x15000000

GC Precious Log:
 CardTable entry size: 512
 Card Set container configuration: InlinePtr #cards 5 size 8 Array Of Cards #cards 12 size 40 Howl #buckets 4 coarsen threshold 1843 Howl Bitmap #cards 512 size 80 coarsen threshold 460 Card regions per heap region 1 cards per card region 2048
 CPUs: 12 total, 12 available
 Memory: 16068M
 Large Page Support: Disabled
 NUMA Support: Disabled
 Compressed Oops: Enabled (32-bit)
 Heap Region Size: 1M
 Heap Min Capacity: 256M
 Heap Initial Capacity: 256M
 Heap Max Capacity: 512M
 Pre-touch: Disabled
 Parallel Workers: 10
 Concurrent Workers: 3
 Concurrent Refinement Workers: 10
 Periodic GC: Disabled

Heap:
 garbage-first heap   total reserved 524288K, committed 262144K, used 101351K [0x00000000e0000000, 0x0000000100000000)
  region size 1024K, 89 young (91136K), 13 survivors (13312K)
 Metaspace       used 31510K, committed 32768K, reserved 393216K
  class space    used 4783K, committed 5376K, reserved 327680K

Heap Regions: E=young(eden), S=young(survivor), O=old, HS=humongous(starts), HC=humongous(continues), CS=collection set, F=free, TAMS=top-at-mark-start, PB=parsable bottom
|   0|0x00000000e0000000, 0x00000000e0100000, 0x00000000e0100000|100%|HS|  |TAMS 0x00000000e0000000| PB 0x00000000e0000000| Complete |  0
|   1|0x00000000e0100000, 0x00000000e0200000, 0x00000000e0200000|100%|HC|  |TAMS 0x00000000e0100000| PB 0x00000000e0100000| Complete |  0
|   2|0x00000000e0200000, 0x00000000e0300000, 0x00000000e0300000|100%|HC|  |TAMS 0x00000000e0200000| PB 0x00000000e0200000| Complete |  0
|   3|0x00000000e0300000, 0x00000000e0400000, 0x00000000e0400000|100%|HC|  |TAMS 0x00000000e0300000| PB 0x00000000e0300000| Complete |  0
|   4|0x00000000e0400000, 0x00000000e0500000, 0x00000000e0500000|100%| O|  |TAMS 0x00000000e0400000| PB 0x00000000e0400000| Untracked |  0
|   5|0x00000000e0500000, 0x00000000e0600000, 0x00000000e0600000|100%| O|Cm|TAMS 0x00000000e0500000| PB 0x00000000e0500000| Complete |  0
|   6|0x00000000e0600000, 0x00000000e0700000, 0x00000000e0700000|100%| O|  |TAMS 0x00000000e0600000| PB 0x00000000e0600000| Untracked |  0
|   7|0x00000000e0700000, 0x00000000e0800000, 0x00000000e0800000|100%| O|  |TAMS 0x00000000e0700000| PB 0x00000000e0700000| Untracked |  0
|   8|0x00000000e0800000, 0x00000000e0900000, 0x00000000e0900000|100%| O|  |TAMS 0x00000000e0800000| PB 0x00000000e0800000| Untracked |  0
|   9|0x00000000e0900000, 0x00000000e0a00000, 0x00000000e0a00000|100%| O|  |TAMS 0x00000000e0900000| PB 0x00000000e0900000| Untracked |  0
|  10|0x00000000e0a00000, 0x00000000e0aae450, 0x00000000e0b00000| 68%| O|  |TAMS 0x00000000e0a00000| PB 0x00000000e0a00000| Untracked |  0
|  11|0x00000000e0b00000, 0x00000000e0c00000, 0x00000000e0c00000|100%|HS|  |TAMS 0x00000000e0b00000| PB 0x00000000e0b00000| Complete |  0
|  12|0x00000000e0c00000, 0x00000000e0c00000, 0x00000000e0d00000|  0%| F|  |TAMS 0x00000000e0c00000| PB 0x00000000e0c00000| Untracked |  0
|  13|0x00000000e0d00000, 0x00000000e0d00000, 0x00000000e0e00000|  0%| F|  |TAMS 0x00000000e0d00000| PB 0x00000000e0d00000| Untracked |  0
|  14|0x00000000e0e00000, 0x00000000e0e00000, 0x00000000e0f00000|  0%| F|  |TAMS 0x00000000e0e00000| PB 0x00000000e0e00000| Untracked |  0
|  15|0x00000000e0f00000, 0x00000000e0f00000, 0x00000000e1000000|  0%| F|  |TAMS 0x00000000e0f00000| PB 0x00000000e0f00000| Untracked |  0
|  16|0x00000000e1000000, 0x00000000e1000000, 0x00000000e1100000|  0%| F|  |TAMS 0x00000000e1000000| PB 0x00000000e1000000| Untracked |  0
|  17|0x00000000e1100000, 0x00000000e1100000, 0x00000000e1200000|  0%| F|  |TAMS 0x00000000e1100000| PB 0x00000000e1100000| Untracked |  0
|  18|0x00000000e1200000, 0x00000000e1200000, 0x00000000e1300000|  0%| F|  |TAMS 0x00000000e1200000| PB 0x00000000e1200000| Untracked |  0
|  19|0x00000000e1300000, 0x00000000e1300000, 0x00000000e1400000|  0%| F|  |TAMS 0x00000000e1300000| PB 0x00000000e1300000| Untracked |  0
|  20|0x00000000e1400000, 0x00000000e1400000, 0x00000000e1500000|  0%| F|  |TAMS 0x00000000e1400000| PB 0x00000000e1400000| Untracked |  0
|  21|0x00000000e1500000, 0x00000000e1500000, 0x00000000e1600000|  0%| F|  |TAMS 0x00000000e1500000| PB 0x00000000e1500000| Untracked |  0
|  22|0x00000000e1600000, 0x00000000e1600000, 0x00000000e1700000|  0%| F|  |TAMS 0x00000000e1600000| PB 0x00000000e1600000| Untracked |  0
|  23|0x00000000e1700000, 0x00000000e1700000, 0x00000000e1800000|  0%| F|  |TAMS 0x00000000e1700000| PB 0x00000000e1700000| Untracked |  0
|  24|0x00000000e1800000, 0x00000000e1800000, 0x00000000e1900000|  0%| F|  |TAMS 0x00000000e1800000| PB 0x00000000e1800000| Untracked |  0
|  25|0x00000000e1900000, 0x00000000e1900000, 0x00000000e1a00000|  0%| F|  |TAMS 0x00000000e1900000| PB 0x00000000e1900000| Untracked |  0
|  26|0x00000000e1a00000, 0x00000000e1a00000, 0x00000000e1b00000|  0%| F|  |TAMS 0x00000000e1a00000| PB 0x00000000e1a00000| Untracked |  0
|  27|0x00000000e1b00000, 0x00000000e1b00000, 0x00000000e1c00000|  0%| F|  |TAMS 0x00000000e1b00000| PB 0x00000000e1b00000| Untracked |  0
|  28|0x00000000e1c00000, 0x00000000e1c00000, 0x00000000e1d00000|  0%| F|  |TAMS 0x00000000e1c00000| PB 0x00000000e1c00000| Untracked |  0
|  29|0x00000000e1d00000, 0x00000000e1d00000, 0x00000000e1e00000|  0%| F|  |TAMS 0x00000000e1d00000| PB 0x00000000e1d00000| Untracked |  0
|  30|0x00000000e1e00000, 0x00000000e1e00000, 0x00000000e1f00000|  0%| F|  |TAMS 0x00000000e1e00000| PB 0x00000000e1e00000| Untracked |  0
|  31|0x00000000e1f00000, 0x00000000e1f00000, 0x00000000e2000000|  0%| F|  |TAMS 0x00000000e1f00000| PB 0x00000000e1f00000| Untracked |  0
|  32|0x00000000e2000000, 0x00000000e2000000, 0x00000000e2100000|  0%| F|  |TAMS 0x00000000e2000000| PB 0x00000000e2000000| Untracked |  0
|  33|0x00000000e2100000, 0x00000000e2100000, 0x00000000e2200000|  0%| F|  |TAMS 0x00000000e2100000| PB 0x00000000e2100000| Untracked |  0
|  34|0x00000000e2200000, 0x00000000e2200000, 0x00000000e2300000|  0%| F|  |TAMS 0x00000000e2200000| PB 0x00000000e2200000| Untracked |  0
|  35|0x00000000e2300000, 0x00000000e2300000, 0x00000000e2400000|  0%| F|  |TAMS 0x00000000e2300000| PB 0x00000000e2300000| Untracked |  0
|  36|0x00000000e2400000, 0x00000000e2400000, 0x00000000e2500000|  0%| F|  |TAMS 0x00000000e2400000| PB 0x00000000e2400000| Untracked |  0
|  37|0x00000000e2500000, 0x00000000e2500000, 0x00000000e2600000|  0%| F|  |TAMS 0x00000000e2500000| PB 0x00000000e2500000| Untracked |  0
|  38|0x00000000e2600000, 0x00000000e2600000, 0x00000000e2700000|  0%| F|  |TAMS 0x00000000e2600000| PB 0x00000000e2600000| Untracked |  0
|  39|0x00000000e2700000, 0x00000000e2700000, 0x00000000e2800000|  0%| F|  |TAMS 0x00000000e2700000| PB 0x00000000e2700000| Untracked |  0
|  40|0x00000000e2800000, 0x00000000e2800000, 0x00000000e2900000|  0%| F|  |TAMS 0x00000000e2800000| PB 0x00000000e2800000| Untracked |  0
|  41|0x00000000e2900000, 0x00000000e2900000, 0x00000000e2a00000|  0%| F|  |TAMS 0x00000000e2900000| PB 0x00000000e2900000| Untracked |  0
|  42|0x00000000e2a00000, 0x00000000e2a00000, 0x00000000e2b00000|  0%| F|  |TAMS 0x00000000e2a00000| PB 0x00000000e2a00000| Untracked |  0
|  43|0x00000000e2b00000, 0x00000000e2b00000, 0x00000000e2c00000|  0%| F|  |TAMS 0x00000000e2b00000| PB 0x00000000e2b00000| Untracked |  0
|  44|0x00000000e2c00000, 0x00000000e2c00000, 0x00000000e2d00000|  0%| F|  |TAMS 0x00000000e2c00000| PB 0x00000000e2c00000| Untracked |  0
|  45|0x00000000e2d00000, 0x00000000e2d00000, 0x00000000e2e00000|  0%| F|  |TAMS 0x00000000e2d00000| PB 0x00000000e2d00000| Untracked |  0
|  46|0x00000000e2e00000, 0x00000000e2e00000, 0x00000000e2f00000|  0%| F|  |TAMS 0x00000000e2e00000| PB 0x00000000e2e00000| Untracked |  0
|  47|0x00000000e2f00000, 0x00000000e2f00000, 0x00000000e3000000|  0%| F|  |TAMS 0x00000000e2f00000| PB 0x00000000e2f00000| Untracked |  0
|  48|0x00000000e3000000, 0x00000000e3000000, 0x00000000e3100000|  0%| F|  |TAMS 0x00000000e3000000| PB 0x00000000e3000000| Untracked |  0
|  49|0x00000000e3100000, 0x00000000e3100000, 0x00000000e3200000|  0%| F|  |TAMS 0x00000000e3100000| PB 0x00000000e3100000| Untracked |  0
|  50|0x00000000e3200000, 0x00000000e3200000, 0x00000000e3300000|  0%| F|  |TAMS 0x00000000e3200000| PB 0x00000000e3200000| Untracked |  0
|  51|0x00000000e3300000, 0x00000000e3300000, 0x00000000e3400000|  0%| F|  |TAMS 0x00000000e3300000| PB 0x00000000e3300000| Untracked |  0
|  52|0x00000000e3400000, 0x00000000e3400000, 0x00000000e3500000|  0%| F|  |TAMS 0x00000000e3400000| PB 0x00000000e3400000| Untracked |  0
|  53|0x00000000e3500000, 0x00000000e3500000, 0x00000000e3600000|  0%| F|  |TAMS 0x00000000e3500000| PB 0x00000000e3500000| Untracked |  0
|  54|0x00000000e3600000, 0x00000000e3600000, 0x00000000e3700000|  0%| F|  |TAMS 0x00000000e3600000| PB 0x00000000e3600000| Untracked |  0
|  55|0x00000000e3700000, 0x00000000e3700000, 0x00000000e3800000|  0%| F|  |TAMS 0x00000000e3700000| PB 0x00000000e3700000| Untracked |  0
|  56|0x00000000e3800000, 0x00000000e3800000, 0x00000000e3900000|  0%| F|  |TAMS 0x00000000e3800000| PB 0x00000000e3800000| Untracked |  0
|  57|0x00000000e3900000, 0x00000000e3900000, 0x00000000e3a00000|  0%| F|  |TAMS 0x00000000e3900000| PB 0x00000000e3900000| Untracked |  0
|  58|0x00000000e3a00000, 0x00000000e3a00000, 0x00000000e3b00000|  0%| F|  |TAMS 0x00000000e3a00000| PB 0x00000000e3a00000| Untracked |  0
|  59|0x00000000e3b00000, 0x00000000e3b00000, 0x00000000e3c00000|  0%| F|  |TAMS 0x00000000e3b00000| PB 0x00000000e3b00000| Untracked |  0
|  60|0x00000000e3c00000, 0x00000000e3c00000, 0x00000000e3d00000|  0%| F|  |TAMS 0x00000000e3c00000| PB 0x00000000e3c00000| Untracked |  0
|  61|0x00000000e3d00000, 0x00000000e3d00000, 0x00000000e3e00000|  0%| F|  |TAMS 0x00000000e3d00000| PB 0x00000000e3d00000| Untracked |  0
|  62|0x00000000e3e00000, 0x00000000e3e00000, 0x00000000e3f00000|  0%| F|  |TAMS 0x00000000e3e00000| PB 0x00000000e3e00000| Untracked |  0
|  63|0x00000000e3f00000, 0x00000000e3f00000, 0x00000000e4000000|  0%| F|  |TAMS 0x00000000e3f00000| PB 0x00000000e3f00000| Untracked |  0
|  64|0x00000000e4000000, 0x00000000e4000000, 0x00000000e4100000|  0%| F|  |TAMS 0x00000000e4000000| PB 0x00000000e4000000| Untracked |  0
|  65|0x00000000e4100000, 0x00000000e4100000, 0x00000000e4200000|  0%| F|  |TAMS 0x00000000e4100000| PB 0x00000000e4100000| Untracked |  0
|  66|0x00000000e4200000, 0x00000000e4200000, 0x00000000e4300000|  0%| F|  |TAMS 0x00000000e4200000| PB 0x00000000e4200000| Untracked |  0
|  67|0x00000000e4300000, 0x00000000e4300000, 0x00000000e4400000|  0%| F|  |TAMS 0x00000000e4300000| PB 0x00000000e4300000| Untracked |  0
|  68|0x00000000e4400000, 0x00000000e4400000, 0x00000000e4500000|  0%| F|  |TAMS 0x00000000e4400000| PB 0x00000000e4400000| Untracked |  0
|  69|0x00000000e4500000, 0x00000000e4500000, 0x00000000e4600000|  0%| F|  |TAMS 0x00000000e4500000| PB 0x00000000e4500000| Untracked |  0
|  70|0x00000000e4600000, 0x00000000e4600000, 0x00000000e4700000|  0%| F|  |TAMS 0x00000000e4600000| PB 0x00000000e4600000| Untracked |  0
|  71|0x00000000e4700000, 0x00000000e4700000, 0x00000000e4800000|  0%| F|  |TAMS 0x00000000e4700000| PB 0x00000000e4700000| Untracked |  0
|  72|0x00000000e4800000, 0x00000000e4800000, 0x00000000e4900000|  0%| F|  |TAMS 0x00000000e4800000| PB 0x00000000e4800000| Untracked |  0
|  73|0x00000000e4900000, 0x00000000e4900000, 0x00000000e4a00000|  0%| F|  |TAMS 0x00000000e4900000| PB 0x00000000e4900000| Untracked |  0
|  74|0x00000000e4a00000, 0x00000000e4a00000, 0x00000000e4b00000|  0%| F|  |TAMS 0x00000000e4a00000| PB 0x00000000e4a00000| Untracked |  0
|  75|0x00000000e4b00000, 0x00000000e4b00000, 0x00000000e4c00000|  0%| F|  |TAMS 0x00000000e4b00000| PB 0x00000000e4b00000| Untracked |  0
|  76|0x00000000e4c00000, 0x00000000e4c00000, 0x00000000e4d00000|  0%| F|  |TAMS 0x00000000e4c00000| PB 0x00000000e4c00000| Untracked |  0
|  77|0x00000000e4d00000, 0x00000000e4d00000, 0x00000000e4e00000|  0%| F|  |TAMS 0x00000000e4d00000| PB 0x00000000e4d00000| Untracked |  0
|  78|0x00000000e4e00000, 0x00000000e4e00000, 0x00000000e4f00000|  0%| F|  |TAMS 0x00000000e4e00000| PB 0x00000000e4e00000| Untracked |  0
|  79|0x00000000e4f00000, 0x00000000e4f00000, 0x00000000e5000000|  0%| F|  |TAMS 0x00000000e4f00000| PB 0x00000000e4f00000| Untracked |  0
|  80|0x00000000e5000000, 0x00000000e5000000, 0x00000000e5100000|  0%| F|  |TAMS 0x00000000e5000000| PB 0x00000000e5000000| Untracked |  0
|  81|0x00000000e5100000, 0x00000000e5100000, 0x00000000e5200000|  0%| F|  |TAMS 0x00000000e5100000| PB 0x00000000e5100000| Untracked |  0
|  82|0x00000000e5200000, 0x00000000e5200000, 0x00000000e5300000|  0%| F|  |TAMS 0x00000000e5200000| PB 0x00000000e5200000| Untracked |  0
|  83|0x00000000e5300000, 0x00000000e5300000, 0x00000000e5400000|  0%| F|  |TAMS 0x00000000e5300000| PB 0x00000000e5300000| Untracked |  0
|  84|0x00000000e5400000, 0x00000000e5400000, 0x00000000e5500000|  0%| F|  |TAMS 0x00000000e5400000| PB 0x00000000e5400000| Untracked |  0
|  85|0x00000000e5500000, 0x00000000e5500000, 0x00000000e5600000|  0%| F|  |TAMS 0x00000000e5500000| PB 0x00000000e5500000| Untracked |  0
|  86|0x00000000e5600000, 0x00000000e5600000, 0x00000000e5700000|  0%| F|  |TAMS 0x00000000e5600000| PB 0x00000000e5600000| Untracked |  0
|  87|0x00000000e5700000, 0x00000000e5700000, 0x00000000e5800000|  0%| F|  |TAMS 0x00000000e5700000| PB 0x00000000e5700000| Untracked |  0
|  88|0x00000000e5800000, 0x00000000e5800000, 0x00000000e5900000|  0%| F|  |TAMS 0x00000000e5800000| PB 0x00000000e5800000| Untracked |  0
|  89|0x00000000e5900000, 0x00000000e5900000, 0x00000000e5a00000|  0%| F|  |TAMS 0x00000000e5900000| PB 0x00000000e5900000| Untracked |  0
|  90|0x00000000e5a00000, 0x00000000e5a00000, 0x00000000e5b00000|  0%| F|  |TAMS 0x00000000e5a00000| PB 0x00000000e5a00000| Untracked |  0
|  91|0x00000000e5b00000, 0x00000000e5b00000, 0x00000000e5c00000|  0%| F|  |TAMS 0x00000000e5b00000| PB 0x00000000e5b00000| Untracked |  0
|  92|0x00000000e5c00000, 0x00000000e5c00000, 0x00000000e5d00000|  0%| F|  |TAMS 0x00000000e5c00000| PB 0x00000000e5c00000| Untracked |  0
|  93|0x00000000e5d00000, 0x00000000e5d00000, 0x00000000e5e00000|  0%| F|  |TAMS 0x00000000e5d00000| PB 0x00000000e5d00000| Untracked |  0
|  94|0x00000000e5e00000, 0x00000000e5e00000, 0x00000000e5f00000|  0%| F|  |TAMS 0x00000000e5e00000| PB 0x00000000e5e00000| Untracked |  0
|  95|0x00000000e5f00000, 0x00000000e5f00000, 0x00000000e6000000|  0%| F|  |TAMS 0x00000000e5f00000| PB 0x00000000e5f00000| Untracked |  0
|  96|0x00000000e6000000, 0x00000000e6000000, 0x00000000e6100000|  0%| F|  |TAMS 0x00000000e6000000| PB 0x00000000e6000000| Untracked |  0
|  97|0x00000000e6100000, 0x00000000e6100000, 0x00000000e6200000|  0%| F|  |TAMS 0x00000000e6100000| PB 0x00000000e6100000| Untracked |  0
|  98|0x00000000e6200000, 0x00000000e6200000, 0x00000000e6300000|  0%| F|  |TAMS 0x00000000e6200000| PB 0x00000000e6200000| Untracked |  0
|  99|0x00000000e6300000, 0x00000000e6300000, 0x00000000e6400000|  0%| F|  |TAMS 0x00000000e6300000| PB 0x00000000e6300000| Untracked |  0
| 100|0x00000000e6400000, 0x00000000e6400000, 0x00000000e6500000|  0%| F|  |TAMS 0x00000000e6400000| PB 0x00000000e6400000| Untracked |  0
| 101|0x00000000e6500000, 0x00000000e6500000, 0x00000000e6600000|  0%| F|  |TAMS 0x00000000e6500000| PB 0x00000000e6500000| Untracked |  0
| 102|0x00000000e6600000, 0x00000000e6600000, 0x00000000e6700000|  0%| F|  |TAMS 0x00000000e6600000| PB 0x00000000e6600000| Untracked |  0
| 103|0x00000000e6700000, 0x00000000e6700000, 0x00000000e6800000|  0%| F|  |TAMS 0x00000000e6700000| PB 0x00000000e6700000| Untracked |  0
| 104|0x00000000e6800000, 0x00000000e6800000, 0x00000000e6900000|  0%| F|  |TAMS 0x00000000e6800000| PB 0x00000000e6800000| Untracked |  0
| 105|0x00000000e6900000, 0x00000000e6900000, 0x00000000e6a00000|  0%| F|  |TAMS 0x00000000e6900000| PB 0x00000000e6900000| Untracked |  0
| 106|0x00000000e6a00000, 0x00000000e6a00000, 0x00000000e6b00000|  0%| F|  |TAMS 0x00000000e6a00000| PB 0x00000000e6a00000| Untracked |  0
| 107|0x00000000e6b00000, 0x00000000e6b00000, 0x00000000e6c00000|  0%| F|  |TAMS 0x00000000e6b00000| PB 0x00000000e6b00000| Untracked |  0
| 108|0x00000000e6c00000, 0x00000000e6c00000, 0x00000000e6d00000|  0%| F|  |TAMS 0x00000000e6c00000| PB 0x00000000e6c00000| Untracked |  0
| 109|0x00000000e6d00000, 0x00000000e6d00000, 0x00000000e6e00000|  0%| F|  |TAMS 0x00000000e6d00000| PB 0x00000000e6d00000| Untracked |  0
| 110|0x00000000e6e00000, 0x00000000e6e00000, 0x00000000e6f00000|  0%| F|  |TAMS 0x00000000e6e00000| PB 0x00000000e6e00000| Untracked |  0
| 111|0x00000000e6f00000, 0x00000000e6f00000, 0x00000000e7000000|  0%| F|  |TAMS 0x00000000e6f00000| PB 0x00000000e6f00000| Untracked |  0
| 112|0x00000000e7000000, 0x00000000e7000000, 0x00000000e7100000|  0%| F|  |TAMS 0x00000000e7000000| PB 0x00000000e7000000| Untracked |  0
| 113|0x00000000e7100000, 0x00000000e7100000, 0x00000000e7200000|  0%| F|  |TAMS 0x00000000e7100000| PB 0x00000000e7100000| Untracked |  0
| 114|0x00000000e7200000, 0x00000000e7200000, 0x00000000e7300000|  0%| F|  |TAMS 0x00000000e7200000| PB 0x00000000e7200000| Untracked |  0
| 115|0x00000000e7300000, 0x00000000e7300000, 0x00000000e7400000|  0%| F|  |TAMS 0x00000000e7300000| PB 0x00000000e7300000| Untracked |  0
| 116|0x00000000e7400000, 0x00000000e7400000, 0x00000000e7500000|  0%| F|  |TAMS 0x00000000e7400000| PB 0x00000000e7400000| Untracked |  0
| 117|0x00000000e7500000, 0x00000000e7500000, 0x00000000e7600000|  0%| F|  |TAMS 0x00000000e7500000| PB 0x00000000e7500000| Untracked |  0
| 118|0x00000000e7600000, 0x00000000e7600000, 0x00000000e7700000|  0%| F|  |TAMS 0x00000000e7600000| PB 0x00000000e7600000| Untracked |  0
| 119|0x00000000e7700000, 0x00000000e7700000, 0x00000000e7800000|  0%| F|  |TAMS 0x00000000e7700000| PB 0x00000000e7700000| Untracked |  0
| 120|0x00000000e7800000, 0x00000000e7800000, 0x00000000e7900000|  0%| F|  |TAMS 0x00000000e7800000| PB 0x00000000e7800000| Untracked |  0
| 121|0x00000000e7900000, 0x00000000e7900000, 0x00000000e7a00000|  0%| F|  |TAMS 0x00000000e7900000| PB 0x00000000e7900000| Untracked |  0
| 122|0x00000000e7a00000, 0x00000000e7a00000, 0x00000000e7b00000|  0%| F|  |TAMS 0x00000000e7a00000| PB 0x00000000e7a00000| Untracked |  0
| 123|0x00000000e7b00000, 0x00000000e7b00000, 0x00000000e7c00000|  0%| F|  |TAMS 0x00000000e7b00000| PB 0x00000000e7b00000| Untracked |  0
| 124|0x00000000e7c00000, 0x00000000e7c00000, 0x00000000e7d00000|  0%| F|  |TAMS 0x00000000e7c00000| PB 0x00000000e7c00000| Untracked |  0
| 125|0x00000000e7d00000, 0x00000000e7d00000, 0x00000000e7e00000|  0%| F|  |TAMS 0x00000000e7d00000| PB 0x00000000e7d00000| Untracked |  0
| 126|0x00000000e7e00000, 0x00000000e7e00000, 0x00000000e7f00000|  0%| F|  |TAMS 0x00000000e7e00000| PB 0x00000000e7e00000| Untracked |  0
| 127|0x00000000e7f00000, 0x00000000e7f4bae0, 0x00000000e8000000| 29%| S|CS|TAMS 0x00000000e7f00000| PB 0x00000000e7f00000| Complete |  0
| 128|0x00000000e8000000, 0x00000000e8100000, 0x00000000e8100000|100%| S|CS|TAMS 0x00000000e8000000| PB 0x00000000e8000000| Complete |  0
| 129|0x00000000e8100000, 0x00000000e8200000, 0x00000000e8200000|100%| S|CS|TAMS 0x00000000e8100000| PB 0x00000000e8100000| Complete |  0
| 130|0x00000000e8200000, 0x00000000e8300000, 0x00000000e8300000|100%| S|CS|TAMS 0x00000000e8200000| PB 0x00000000e8200000| Complete |  0
| 131|0x00000000e8300000, 0x00000000e8400000, 0x00000000e8400000|100%| S|CS|TAMS 0x00000000e8300000| PB 0x00000000e8300000| Complete |  0
| 132|0x00000000e8400000, 0x00000000e8500000, 0x00000000e8500000|100%| S|CS|TAMS 0x00000000e8400000| PB 0x00000000e8400000| Complete |  0
| 133|0x00000000e8500000, 0x00000000e8600000, 0x00000000e8600000|100%| S|CS|TAMS 0x00000000e8500000| PB 0x00000000e8500000| Complete |  0
| 134|0x00000000e8600000, 0x00000000e8700000, 0x00000000e8700000|100%| S|CS|TAMS 0x00000000e8600000| PB 0x00000000e8600000| Complete |  0
| 135|0x00000000e8700000, 0x00000000e8800000, 0x00000000e8800000|100%| S|CS|TAMS 0x00000000e8700000| PB 0x00000000e8700000| Complete |  0
| 136|0x00000000e8800000, 0x00000000e8900000, 0x00000000e8900000|100%| S|CS|TAMS 0x00000000e8800000| PB 0x00000000e8800000| Complete |  0
| 137|0x00000000e8900000, 0x00000000e8a00000, 0x00000000e8a00000|100%| S|CS|TAMS 0x00000000e8900000| PB 0x00000000e8900000| Complete |  0
| 138|0x00000000e8a00000, 0x00000000e8b00000, 0x00000000e8b00000|100%| S|CS|TAMS 0x00000000e8a00000| PB 0x00000000e8a00000| Complete |  0
| 139|0x00000000e8b00000, 0x00000000e8c00000, 0x00000000e8c00000|100%| S|CS|TAMS 0x00000000e8b00000| PB 0x00000000e8b00000| Complete |  0
| 140|0x00000000e8c00000, 0x00000000e8c00000, 0x00000000e8d00000|  0%| F|  |TAMS 0x00000000e8c00000| PB 0x00000000e8c00000| Untracked |  0
| 141|0x00000000e8d00000, 0x00000000e8d00000, 0x00000000e8e00000|  0%| F|  |TAMS 0x00000000e8d00000| PB 0x00000000e8d00000| Untracked |  0
| 142|0x00000000e8e00000, 0x00000000e8e00000, 0x00000000e8f00000|  0%| F|  |TAMS 0x00000000e8e00000| PB 0x00000000e8e00000| Untracked |  0
| 143|0x00000000e8f00000, 0x00000000e8f00000, 0x00000000e9000000|  0%| F|  |TAMS 0x00000000e8f00000| PB 0x00000000e8f00000| Untracked |  0
| 144|0x00000000e9000000, 0x00000000e9000000, 0x00000000e9100000|  0%| F|  |TAMS 0x00000000e9000000| PB 0x00000000e9000000| Untracked |  0
| 145|0x00000000e9100000, 0x00000000e9100000, 0x00000000e9200000|  0%| F|  |TAMS 0x00000000e9100000| PB 0x00000000e9100000| Untracked |  0
| 146|0x00000000e9200000, 0x00000000e9200000, 0x00000000e9300000|  0%| F|  |TAMS 0x00000000e9200000| PB 0x00000000e9200000| Untracked |  0
| 147|0x00000000e9300000, 0x00000000e9300000, 0x00000000e9400000|  0%| F|  |TAMS 0x00000000e9300000| PB 0x00000000e9300000| Untracked |  0
| 148|0x00000000e9400000, 0x00000000e9400000, 0x00000000e9500000|  0%| F|  |TAMS 0x00000000e9400000| PB 0x00000000e9400000| Untracked |  0
| 149|0x00000000e9500000, 0x00000000e9500000, 0x00000000e9600000|  0%| F|  |TAMS 0x00000000e9500000| PB 0x00000000e9500000| Untracked |  0
| 150|0x00000000e9600000, 0x00000000e9600000, 0x00000000e9700000|  0%| F|  |TAMS 0x00000000e9600000| PB 0x00000000e9600000| Untracked |  0
| 151|0x00000000e9700000, 0x00000000e9700000, 0x00000000e9800000|  0%| F|  |TAMS 0x00000000e9700000| PB 0x00000000e9700000| Untracked |  0
| 152|0x00000000e9800000, 0x00000000e9800000, 0x00000000e9900000|  0%| F|  |TAMS 0x00000000e9800000| PB 0x00000000e9800000| Untracked |  0
| 153|0x00000000e9900000, 0x00000000e9900000, 0x00000000e9a00000|  0%| F|  |TAMS 0x00000000e9900000| PB 0x00000000e9900000| Untracked |  0
| 154|0x00000000e9a00000, 0x00000000e9a00000, 0x00000000e9b00000|  0%| F|  |TAMS 0x00000000e9a00000| PB 0x00000000e9a00000| Untracked |  0
| 155|0x00000000e9b00000, 0x00000000e9b00000, 0x00000000e9c00000|  0%| F|  |TAMS 0x00000000e9b00000| PB 0x00000000e9b00000| Untracked |  0
| 156|0x00000000e9c00000, 0x00000000e9c00000, 0x00000000e9d00000|  0%| F|  |TAMS 0x00000000e9c00000| PB 0x00000000e9c00000| Untracked |  0
| 157|0x00000000e9d00000, 0x00000000e9d00000, 0x00000000e9e00000|  0%| F|  |TAMS 0x00000000e9d00000| PB 0x00000000e9d00000| Untracked |  0
| 158|0x00000000e9e00000, 0x00000000e9e00000, 0x00000000e9f00000|  0%| F|  |TAMS 0x00000000e9e00000| PB 0x00000000e9e00000| Untracked |  0
| 159|0x00000000e9f00000, 0x00000000e9f00000, 0x00000000ea000000|  0%| F|  |TAMS 0x00000000e9f00000| PB 0x00000000e9f00000| Untracked |  0
| 160|0x00000000ea000000, 0x00000000ea000000, 0x00000000ea100000|  0%| F|  |TAMS 0x00000000ea000000| PB 0x00000000ea000000| Untracked |  0
| 161|0x00000000ea100000, 0x00000000ea100000, 0x00000000ea200000|  0%| F|  |TAMS 0x00000000ea100000| PB 0x00000000ea100000| Untracked |  0
| 162|0x00000000ea200000, 0x00000000ea200000, 0x00000000ea300000|  0%| F|  |TAMS 0x00000000ea200000| PB 0x00000000ea200000| Untracked |  0
| 163|0x00000000ea300000, 0x00000000ea300000, 0x00000000ea400000|  0%| F|  |TAMS 0x00000000ea300000| PB 0x00000000ea300000| Untracked |  0
| 164|0x00000000ea400000, 0x00000000ea400000, 0x00000000ea500000|  0%| F|  |TAMS 0x00000000ea400000| PB 0x00000000ea400000| Untracked |  0
| 165|0x00000000ea500000, 0x00000000ea500000, 0x00000000ea600000|  0%| F|  |TAMS 0x00000000ea500000| PB 0x00000000ea500000| Untracked |  0
| 166|0x00000000ea600000, 0x00000000ea600000, 0x00000000ea700000|  0%| F|  |TAMS 0x00000000ea600000| PB 0x00000000ea600000| Untracked |  0
| 167|0x00000000ea700000, 0x00000000ea700000, 0x00000000ea800000|  0%| F|  |TAMS 0x00000000ea700000| PB 0x00000000ea700000| Untracked |  0
| 168|0x00000000ea800000, 0x00000000ea800000, 0x00000000ea900000|  0%| F|  |TAMS 0x00000000ea800000| PB 0x00000000ea800000| Untracked |  0
| 169|0x00000000ea900000, 0x00000000ea900000, 0x00000000eaa00000|  0%| F|  |TAMS 0x00000000ea900000| PB 0x00000000ea900000| Untracked |  0
| 170|0x00000000eaa00000, 0x00000000eaa00000, 0x00000000eab00000|  0%| F|  |TAMS 0x00000000eaa00000| PB 0x00000000eaa00000| Untracked |  0
| 171|0x00000000eab00000, 0x00000000eab00000, 0x00000000eac00000|  0%| F|  |TAMS 0x00000000eab00000| PB 0x00000000eab00000| Untracked |  0
| 172|0x00000000eac00000, 0x00000000eac00000, 0x00000000ead00000|  0%| F|  |TAMS 0x00000000eac00000| PB 0x00000000eac00000| Untracked |  0
| 173|0x00000000ead00000, 0x00000000ead00000, 0x00000000eae00000|  0%| F|  |TAMS 0x00000000ead00000| PB 0x00000000ead00000| Untracked |  0
| 174|0x00000000eae00000, 0x00000000eae00000, 0x00000000eaf00000|  0%| F|  |TAMS 0x00000000eae00000| PB 0x00000000eae00000| Untracked |  0
| 175|0x00000000eaf00000, 0x00000000eaf00000, 0x00000000eb000000|  0%| F|  |TAMS 0x00000000eaf00000| PB 0x00000000eaf00000| Untracked |  0
| 176|0x00000000eb000000, 0x00000000eb000000, 0x00000000eb100000|  0%| F|  |TAMS 0x00000000eb000000| PB 0x00000000eb000000| Untracked |  0
| 177|0x00000000eb100000, 0x00000000eb100000, 0x00000000eb200000|  0%| F|  |TAMS 0x00000000eb100000| PB 0x00000000eb100000| Untracked |  0
| 178|0x00000000eb200000, 0x00000000eb200000, 0x00000000eb300000|  0%| F|  |TAMS 0x00000000eb200000| PB 0x00000000eb200000| Untracked |  0
| 179|0x00000000eb300000, 0x00000000eb300000, 0x00000000eb400000|  0%| F|  |TAMS 0x00000000eb300000| PB 0x00000000eb300000| Untracked |  0
| 180|0x00000000eb400000, 0x00000000eb500000, 0x00000000eb500000|100%| E|  |TAMS 0x00000000eb400000| PB 0x00000000eb400000| Complete |  0
| 181|0x00000000eb500000, 0x00000000eb600000, 0x00000000eb600000|100%| E|CS|TAMS 0x00000000eb500000| PB 0x00000000eb500000| Complete |  0
| 182|0x00000000eb600000, 0x00000000eb700000, 0x00000000eb700000|100%| E|CS|TAMS 0x00000000eb600000| PB 0x00000000eb600000| Complete |  0
| 183|0x00000000eb700000, 0x00000000eb800000, 0x00000000eb800000|100%| E|CS|TAMS 0x00000000eb700000| PB 0x00000000eb700000| Complete |  0
| 184|0x00000000eb800000, 0x00000000eb900000, 0x00000000eb900000|100%| E|CS|TAMS 0x00000000eb800000| PB 0x00000000eb800000| Complete |  0
| 185|0x00000000eb900000, 0x00000000eba00000, 0x00000000eba00000|100%| E|CS|TAMS 0x00000000eb900000| PB 0x00000000eb900000| Complete |  0
| 186|0x00000000eba00000, 0x00000000ebb00000, 0x00000000ebb00000|100%| E|CS|TAMS 0x00000000eba00000| PB 0x00000000eba00000| Complete |  0
| 187|0x00000000ebb00000, 0x00000000ebc00000, 0x00000000ebc00000|100%| E|CS|TAMS 0x00000000ebb00000| PB 0x00000000ebb00000| Complete |  0
| 188|0x00000000ebc00000, 0x00000000ebd00000, 0x00000000ebd00000|100%| E|CS|TAMS 0x00000000ebc00000| PB 0x00000000ebc00000| Complete |  0
| 189|0x00000000ebd00000, 0x00000000ebe00000, 0x00000000ebe00000|100%| E|CS|TAMS 0x00000000ebd00000| PB 0x00000000ebd00000| Complete |  0
| 190|0x00000000ebe00000, 0x00000000ebf00000, 0x00000000ebf00000|100%| E|CS|TAMS 0x00000000ebe00000| PB 0x00000000ebe00000| Complete |  0
| 191|0x00000000ebf00000, 0x00000000ec000000, 0x00000000ec000000|100%| E|CS|TAMS 0x00000000ebf00000| PB 0x00000000ebf00000| Complete |  0
| 192|0x00000000ec000000, 0x00000000ec100000, 0x00000000ec100000|100%| E|CS|TAMS 0x00000000ec000000| PB 0x00000000ec000000| Complete |  0
| 193|0x00000000ec100000, 0x00000000ec200000, 0x00000000ec200000|100%| E|CS|TAMS 0x00000000ec100000| PB 0x00000000ec100000| Complete |  0
| 194|0x00000000ec200000, 0x00000000ec300000, 0x00000000ec300000|100%| E|CS|TAMS 0x00000000ec200000| PB 0x00000000ec200000| Complete |  0
| 195|0x00000000ec300000, 0x00000000ec400000, 0x00000000ec400000|100%| E|CS|TAMS 0x00000000ec300000| PB 0x00000000ec300000| Complete |  0
| 196|0x00000000ec400000, 0x00000000ec500000, 0x00000000ec500000|100%| E|CS|TAMS 0x00000000ec400000| PB 0x00000000ec400000| Complete |  0
| 197|0x00000000ec500000, 0x00000000ec600000, 0x00000000ec600000|100%| E|CS|TAMS 0x00000000ec500000| PB 0x00000000ec500000| Complete |  0
| 198|0x00000000ec600000, 0x00000000ec700000, 0x00000000ec700000|100%| E|CS|TAMS 0x00000000ec600000| PB 0x00000000ec600000| Complete |  0
| 199|0x00000000ec700000, 0x00000000ec800000, 0x00000000ec800000|100%| E|CS|TAMS 0x00000000ec700000| PB 0x00000000ec700000| Complete |  0
| 200|0x00000000ec800000, 0x00000000ec900000, 0x00000000ec900000|100%| E|CS|TAMS 0x00000000ec800000| PB 0x00000000ec800000| Complete |  0
| 201|0x00000000ec900000, 0x00000000eca00000, 0x00000000eca00000|100%| E|CS|TAMS 0x00000000ec900000| PB 0x00000000ec900000| Complete |  0
| 202|0x00000000eca00000, 0x00000000ecb00000, 0x00000000ecb00000|100%| E|CS|TAMS 0x00000000eca00000| PB 0x00000000eca00000| Complete |  0
| 203|0x00000000ecb00000, 0x00000000ecc00000, 0x00000000ecc00000|100%| E|CS|TAMS 0x00000000ecb00000| PB 0x00000000ecb00000| Complete |  0
| 204|0x00000000ecc00000, 0x00000000ecd00000, 0x00000000ecd00000|100%| E|CS|TAMS 0x00000000ecc00000| PB 0x00000000ecc00000| Complete |  0
| 205|0x00000000ecd00000, 0x00000000ece00000, 0x00000000ece00000|100%| E|CS|TAMS 0x00000000ecd00000| PB 0x00000000ecd00000| Complete |  0
| 206|0x00000000ece00000, 0x00000000ecf00000, 0x00000000ecf00000|100%| E|CS|TAMS 0x00000000ece00000| PB 0x00000000ece00000| Complete |  0
| 207|0x00000000ecf00000, 0x00000000ed000000, 0x00000000ed000000|100%| E|CS|TAMS 0x00000000ecf00000| PB 0x00000000ecf00000| Complete |  0
| 208|0x00000000ed000000, 0x00000000ed100000, 0x00000000ed100000|100%| E|CS|TAMS 0x00000000ed000000| PB 0x00000000ed000000| Complete |  0
| 209|0x00000000ed100000, 0x00000000ed200000, 0x00000000ed200000|100%| E|CS|TAMS 0x00000000ed100000| PB 0x00000000ed100000| Complete |  0
| 210|0x00000000ed200000, 0x00000000ed300000, 0x00000000ed300000|100%| E|CS|TAMS 0x00000000ed200000| PB 0x00000000ed200000| Complete |  0
| 211|0x00000000ed300000, 0x00000000ed400000, 0x00000000ed400000|100%| E|CS|TAMS 0x00000000ed300000| PB 0x00000000ed300000| Complete |  0
| 212|0x00000000ed400000, 0x00000000ed500000, 0x00000000ed500000|100%| E|CS|TAMS 0x00000000ed400000| PB 0x00000000ed400000| Complete |  0
| 213|0x00000000ed500000, 0x00000000ed600000, 0x00000000ed600000|100%| E|CS|TAMS 0x00000000ed500000| PB 0x00000000ed500000| Complete |  0
| 214|0x00000000ed600000, 0x00000000ed700000, 0x00000000ed700000|100%| E|CS|TAMS 0x00000000ed600000| PB 0x00000000ed600000| Complete |  0
| 215|0x00000000ed700000, 0x00000000ed800000, 0x00000000ed800000|100%| E|CS|TAMS 0x00000000ed700000| PB 0x00000000ed700000| Complete |  0
| 216|0x00000000ed800000, 0x00000000ed900000, 0x00000000ed900000|100%| E|CS|TAMS 0x00000000ed800000| PB 0x00000000ed800000| Complete |  0
| 217|0x00000000ed900000, 0x00000000eda00000, 0x00000000eda00000|100%| E|CS|TAMS 0x00000000ed900000| PB 0x00000000ed900000| Complete |  0
| 218|0x00000000eda00000, 0x00000000edb00000, 0x00000000edb00000|100%| E|CS|TAMS 0x00000000eda00000| PB 0x00000000eda00000| Complete |  0
| 219|0x00000000edb00000, 0x00000000edc00000, 0x00000000edc00000|100%| E|CS|TAMS 0x00000000edb00000| PB 0x00000000edb00000| Complete |  0
| 220|0x00000000edc00000, 0x00000000edd00000, 0x00000000edd00000|100%| E|CS|TAMS 0x00000000edc00000| PB 0x00000000edc00000| Complete |  0
| 221|0x00000000edd00000, 0x00000000ede00000, 0x00000000ede00000|100%| E|CS|TAMS 0x00000000edd00000| PB 0x00000000edd00000| Complete |  0
| 222|0x00000000ede00000, 0x00000000edf00000, 0x00000000edf00000|100%| E|CS|TAMS 0x00000000ede00000| PB 0x00000000ede00000| Complete |  0
| 223|0x00000000edf00000, 0x00000000ee000000, 0x00000000ee000000|100%| E|CS|TAMS 0x00000000edf00000| PB 0x00000000edf00000| Complete |  0
| 224|0x00000000ee000000, 0x00000000ee100000, 0x00000000ee100000|100%| E|CS|TAMS 0x00000000ee000000| PB 0x00000000ee000000| Complete |  0
| 225|0x00000000ee100000, 0x00000000ee200000, 0x00000000ee200000|100%| E|CS|TAMS 0x00000000ee100000| PB 0x00000000ee100000| Complete |  0
| 226|0x00000000ee200000, 0x00000000ee300000, 0x00000000ee300000|100%| E|CS|TAMS 0x00000000ee200000| PB 0x00000000ee200000| Complete |  0
| 227|0x00000000ee300000, 0x00000000ee400000, 0x00000000ee400000|100%| E|CS|TAMS 0x00000000ee300000| PB 0x00000000ee300000| Complete |  0
| 228|0x00000000ee400000, 0x00000000ee500000, 0x00000000ee500000|100%| E|CS|TAMS 0x00000000ee400000| PB 0x00000000ee400000| Complete |  0
| 229|0x00000000ee500000, 0x00000000ee600000, 0x00000000ee600000|100%| E|CS|TAMS 0x00000000ee500000| PB 0x00000000ee500000| Complete |  0
| 230|0x00000000ee600000, 0x00000000ee700000, 0x00000000ee700000|100%| E|CS|TAMS 0x00000000ee600000| PB 0x00000000ee600000| Complete |  0
| 231|0x00000000ee700000, 0x00000000ee800000, 0x00000000ee800000|100%| E|CS|TAMS 0x00000000ee700000| PB 0x00000000ee700000| Complete |  0
| 232|0x00000000ee800000, 0x00000000ee900000, 0x00000000ee900000|100%| E|CS|TAMS 0x00000000ee800000| PB 0x00000000ee800000| Complete |  0
| 233|0x00000000ee900000, 0x00000000eea00000, 0x00000000eea00000|100%| E|CS|TAMS 0x00000000ee900000| PB 0x00000000ee900000| Complete |  0
| 234|0x00000000eea00000, 0x00000000eeb00000, 0x00000000eeb00000|100%| E|CS|TAMS 0x00000000eea00000| PB 0x00000000eea00000| Complete |  0
| 235|0x00000000eeb00000, 0x00000000eec00000, 0x00000000eec00000|100%| E|CS|TAMS 0x00000000eeb00000| PB 0x00000000eeb00000| Complete |  0
| 236|0x00000000eec00000, 0x00000000eed00000, 0x00000000eed00000|100%| E|CS|TAMS 0x00000000eec00000| PB 0x00000000eec00000| Complete |  0
| 237|0x00000000eed00000, 0x00000000eee00000, 0x00000000eee00000|100%| E|CS|TAMS 0x00000000eed00000| PB 0x00000000eed00000| Complete |  0
| 238|0x00000000eee00000, 0x00000000eef00000, 0x00000000eef00000|100%| E|CS|TAMS 0x00000000eee00000| PB 0x00000000eee00000| Complete |  0
| 239|0x00000000eef00000, 0x00000000ef000000, 0x00000000ef000000|100%| E|CS|TAMS 0x00000000eef00000| PB 0x00000000eef00000| Complete |  0
| 240|0x00000000ef000000, 0x00000000ef100000, 0x00000000ef100000|100%| E|CS|TAMS 0x00000000ef000000| PB 0x00000000ef000000| Complete |  0
| 241|0x00000000ef100000, 0x00000000ef200000, 0x00000000ef200000|100%| E|CS|TAMS 0x00000000ef100000| PB 0x00000000ef100000| Complete |  0
| 242|0x00000000ef200000, 0x00000000ef300000, 0x00000000ef300000|100%| E|CS|TAMS 0x00000000ef200000| PB 0x00000000ef200000| Complete |  0
| 243|0x00000000ef300000, 0x00000000ef400000, 0x00000000ef400000|100%| E|CS|TAMS 0x00000000ef300000| PB 0x00000000ef300000| Complete |  0
| 244|0x00000000ef400000, 0x00000000ef500000, 0x00000000ef500000|100%| E|CS|TAMS 0x00000000ef400000| PB 0x00000000ef400000| Complete |  0
| 245|0x00000000ef500000, 0x00000000ef600000, 0x00000000ef600000|100%| E|CS|TAMS 0x00000000ef500000| PB 0x00000000ef500000| Complete |  0
| 246|0x00000000ef600000, 0x00000000ef700000, 0x00000000ef700000|100%| E|CS|TAMS 0x00000000ef600000| PB 0x00000000ef600000| Complete |  0
| 247|0x00000000ef700000, 0x00000000ef800000, 0x00000000ef800000|100%| E|CS|TAMS 0x00000000ef700000| PB 0x00000000ef700000| Complete |  0
| 248|0x00000000ef800000, 0x00000000ef900000, 0x00000000ef900000|100%| E|CS|TAMS 0x00000000ef800000| PB 0x00000000ef800000| Complete |  0
| 249|0x00000000ef900000, 0x00000000efa00000, 0x00000000efa00000|100%| E|CS|TAMS 0x00000000ef900000| PB 0x00000000ef900000| Complete |  0
| 250|0x00000000efa00000, 0x00000000efb00000, 0x00000000efb00000|100%| E|CS|TAMS 0x00000000efa00000| PB 0x00000000efa00000| Complete |  0
| 251|0x00000000efb00000, 0x00000000efc00000, 0x00000000efc00000|100%| E|CS|TAMS 0x00000000efb00000| PB 0x00000000efb00000| Complete |  0
| 252|0x00000000efc00000, 0x00000000efd00000, 0x00000000efd00000|100%| E|CS|TAMS 0x00000000efc00000| PB 0x00000000efc00000| Complete |  0
| 253|0x00000000efd00000, 0x00000000efe00000, 0x00000000efe00000|100%| E|CS|TAMS 0x00000000efd00000| PB 0x00000000efd00000| Complete |  0
| 254|0x00000000efe00000, 0x00000000eff00000, 0x00000000eff00000|100%| E|CS|TAMS 0x00000000efe00000| PB 0x00000000efe00000| Complete |  0
| 255|0x00000000eff00000, 0x00000000f0000000, 0x00000000f0000000|100%| E|CS|TAMS 0x00000000eff00000| PB 0x00000000eff00000| Complete |  0

Card table byte_map: [0x000001e7f3640000,0x000001e7f3740000] _byte_map_base: 0x000001e7f2f40000

Marking Bits: (CMBitMap*) 0x000001e7eacdac90
 Bits: [0x000001e7f3740000, 0x000001e7f3f40000)

Polling page: 0x000001e7ea470000

Metaspace:

Usage:
  Non-class:     26.28 MB used.
      Class:      4.69 MB used.
       Both:     30.97 MB used.

Virtual space:
  Non-class space:       64.00 MB reserved,      26.94 MB ( 42%) committed,  1 nodes.
      Class space:      320.00 MB reserved,       5.25 MB (  2%) committed,  1 nodes.
             Both:      384.00 MB reserved,      32.19 MB (  8%) committed. 

Chunk freelists:
   Non-Class:  4.52 MB
       Class:  10.67 MB
        Both:  15.19 MB

MaxMetaspaceSize: 384.00 MB
CompressedClassSpaceSize: 320.00 MB
Initial GC threshold: 21.00 MB
Current GC threshold: 35.12 MB
CDS: on
 - commit_granule_bytes: 65536.
 - commit_granule_words: 8192.
 - virtual_space_node_default_size: 8388608.
 - enlarge_chunks_in_place: 1.
 - use_allocation_guard: 0.


Internal statistics:

num_allocs_failed_limit: 3.
num_arena_births: 2026.
num_arena_deaths: 0.
num_vsnodes_births: 2.
num_vsnodes_deaths: 0.
num_space_committed: 515.
num_space_uncommitted: 0.
num_chunks_returned_to_freelist: 3.
num_chunks_taken_from_freelist: 3391.
num_chunk_merges: 3.
num_chunk_splits: 2225.
num_chunks_enlarged: 1428.
num_inconsistent_stats: 0.

CodeHeap 'non-profiled nmethods': size=120000Kb used=2179Kb max_used=2179Kb free=117820Kb
 bounds [0x000001e787ad0000, 0x000001e787d40000, 0x000001e78f000000]
CodeHeap 'profiled nmethods': size=120000Kb used=7371Kb max_used=7371Kb free=112629Kb
 bounds [0x000001e780000000, 0x000001e780740000, 0x000001e787530000]
CodeHeap 'non-nmethods': size=5760Kb used=1544Kb max_used=1598Kb free=4215Kb
 bounds [0x000001e787530000, 0x000001e7877a0000, 0x000001e787ad0000]
 total_blobs=4364 nmethods=3759 adapters=508
 compilation: enabled
              stopped_count=0, restarted_count=0
 full_count=0

Compilation events (20 events):
Event: 2.702 Thread 0x000001e7a824e990 3620   !   4       java.io.BufferedInputStream::read (69 bytes)
Event: 2.707 Thread 0x000001e7a824e990 nmethod 3620 0x000001e787ce8910 code [0x000001e787ce8b00, 0x000001e787ce9118]
Event: 2.707 Thread 0x000001e7a824e990 3714       4       java.util.HashMap::afterNodeAccess (1 bytes)
Event: 2.707 Thread 0x000001e7a824e990 nmethod 3714 0x000001e787ce9590 code [0x000001e787ce9700, 0x000001e787ce9788]
Event: 2.707 Thread 0x000001e7a824e990 3681       4       java.util.stream.Sink::begin (1 bytes)
Event: 2.708 Thread 0x000001e7a824e990 nmethod 3681 0x000001e787ce9890 code [0x000001e787ce9a00, 0x000001e787ce9a88]
Event: 2.708 Thread 0x000001e7a824e990 3684       4       java.util.Spliterators$IteratorSpliterator::tryAdvance (77 bytes)
Event: 2.715 Thread 0x000001e7a824e990 nmethod 3684 0x000001e787ce9b90 code [0x000001e787ce9da0, 0x000001e787cea408]
Event: 2.715 Thread 0x000001e7a824e990 3642       4       java.lang.StringConcatHelper::mix (27 bytes)
Event: 2.716 Thread 0x000001e7a824e990 nmethod 3642 0x000001e787cea910 code [0x000001e787ceaaa0, 0x000001e787ceab80]
Event: 2.716 Thread 0x000001e7a824e990 3615       4       java.lang.Integer::valueOf (32 bytes)
Event: 2.717 Thread 0x000001e7a824e990 nmethod 3615 0x000001e787ceac90 code [0x000001e787ceae20, 0x000001e787ceaf10]
Event: 2.717 Thread 0x000001e7a824e990 3678       4       java.util.stream.Sink::end (1 bytes)
Event: 2.717 Thread 0x000001e7a824e990 nmethod 3678 0x000001e787ceaf90 code [0x000001e787ceb100, 0x000001e787ceb188]
Event: 2.717 Thread 0x000001e7a824e990 3607       4       java.util.stream.AbstractPipeline::isParallel (8 bytes)
Event: 2.718 Thread 0x000001e7a824e990 nmethod 3607 0x000001e787ceb290 code [0x000001e787ceb400, 0x000001e787ceb4a0]
Event: 2.718 Thread 0x000001e7a824e990 3622       4       jdk.internal.loader.URLClassPath$JarLoader$2::getCodeSourceURL (8 bytes)
Event: 2.718 Thread 0x000001e7a824e990 nmethod 3622 0x000001e787ceb590 code [0x000001e787ceb700, 0x000001e787ceb7a8]
Event: 2.718 Thread 0x000001e7a824e990 3687       4       java.util.stream.MatchOps$MatchOp::getOpFlags (8 bytes)
Event: 2.718 Thread 0x000001e7a824e990 nmethod 3687 0x000001e787ceb890 code [0x000001e787ceba00, 0x000001e787ceba90]

GC Heap History (6 events):
Event: 0.423 GC heap before
{Heap before GC invocations=0 (full 0):
 garbage-first heap   total reserved 524288K, committed 262144K, used 27648K [0x00000000e0000000, 0x0000000100000000)
  region size 1024K, 24 young (24576K), 0 survivors (0K)
 Metaspace       used 2694K, committed 2880K, reserved 393216K
  class space    used 328K, committed 384K, reserved 327680K
}
Event: 0.426 GC heap after
{Heap after GC invocations=1 (full 0):
 garbage-first heap   total reserved 524288K, committed 262144K, used 10833K [0x00000000e0000000, 0x0000000100000000)
  region size 1024K, 3 young (3072K), 3 survivors (3072K)
 Metaspace       used 2694K, committed 2880K, reserved 393216K
  class space    used 328K, committed 384K, reserved 327680K
}
Event: 0.736 GC heap before
{Heap before GC invocations=1 (full 0):
 garbage-first heap   total reserved 524288K, committed 262144K, used 40529K [0x00000000e0000000, 0x0000000100000000)
  region size 1024K, 33 young (33792K), 3 survivors (3072K)
 Metaspace       used 4092K, committed 4288K, reserved 393216K
  class space    used 517K, committed 640K, reserved 327680K
}
Event: 0.740 GC heap after
{Heap after GC invocations=2 (full 0):
 garbage-first heap   total reserved 524288K, committed 262144K, used 12146K [0x00000000e0000000, 0x0000000100000000)
  region size 1024K, 2 young (2048K), 2 survivors (2048K)
 Metaspace       used 4092K, committed 4288K, reserved 393216K
  class space    used 517K, committed 640K, reserved 327680K
}
Event: 2.017 GC heap before
{Heap before GC invocations=2 (full 0):
 garbage-first heap   total reserved 524288K, committed 262144K, used 129906K [0x00000000e0000000, 0x0000000100000000)
  region size 1024K, 116 young (118784K), 2 survivors (2048K)
 Metaspace       used 20827K, committed 21504K, reserved 393216K
  class space    used 3090K, committed 3392K, reserved 327680K
}
Event: 2.027 GC heap after
{Heap after GC invocations=3 (full 0):
 garbage-first heap   total reserved 524288K, committed 262144K, used 24551K [0x00000000e0000000, 0x0000000100000000)
  region size 1024K, 13 young (13312K), 13 survivors (13312K)
 Metaspace       used 20827K, committed 21504K, reserved 393216K
  class space    used 3090K, committed 3392K, reserved 327680K
}

Dll operation events (15 events):
Event: 0.006 Loaded shared library C:\Program Files\Java\jdk-22\bin\java.dll
Event: 0.026 Loaded shared library C:\Program Files\Java\jdk-22\bin\jsvml.dll
Event: 0.053 Loaded shared library C:\Program Files\Java\jdk-22\bin\zip.dll
Event: 0.058 Loaded shared library C:\Program Files\Java\jdk-22\bin\instrument.dll
Event: 0.061 Loaded shared library C:\Program Files\Java\jdk-22\bin\net.dll
Event: 0.062 Loaded shared library C:\Program Files\Java\jdk-22\bin\nio.dll
Event: 0.066 Loaded shared library C:\Program Files\Java\jdk-22\bin\zip.dll
Event: 0.244 Loaded shared library C:\Program Files\Java\jdk-22\bin\jimage.dll
Event: 0.311 Loaded shared library C:\Program Files\Java\jdk-22\bin\verify.dll
Event: 0.407 Loaded shared library C:\Users\ishit\.gradle\native\c067742578af261105cb4f569cf0c3c89f3d7b1fecec35dd04571415982c5e48\windows-amd64\native-platform.dll
Event: 0.409 Loaded shared library C:\Users\ishit\.gradle\native\100fb08df4bc3b14c8652ba06237920a3bd2aa13389f12d3474272988ae205f9\windows-amd64\native-platform-file-events.dll
Event: 1.007 Loaded shared library C:\Program Files\Java\jdk-22\bin\management.dll
Event: 1.008 Loaded shared library C:\Program Files\Java\jdk-22\bin\management_ext.dll
Event: 1.107 Loaded shared library C:\Program Files\Java\jdk-22\bin\extnet.dll
Event: 1.198 Loaded shared library C:\Program Files\Java\jdk-22\bin\sunmscapi.dll

Deoptimization events (20 events):
Event: 2.622 Thread 0x000001e7aa110d90 Uncommon trap: trap_request=0xffffffc6 fr.pc=0x000001e787cc9314 relative=0x0000000000000634
Event: 2.622 Thread 0x000001e7aa110d90 Uncommon trap: reason=bimorphic_or_optimized_type_check action=maybe_recompile pc=0x000001e787cc9314 method=java.io.BufferedInputStream.implRead([BII)I @ 100 c2
Event: 2.622 Thread 0x000001e7aa110d90 DEOPT PACKING pc=0x000001e787cc9314 sp=0x000000b99b3f8830
Event: 2.622 Thread 0x000001e7aa110d90 DEOPT UNPACKING pc=0x000001e7875846a2 sp=0x000000b99b3f8818 mode 2
Event: 2.644 Thread 0x000001e7aa110d90 Uncommon trap: trap_request=0xffffff45 fr.pc=0x000001e787beb860 relative=0x0000000000000640
Event: 2.644 Thread 0x000001e7aa110d90 Uncommon trap: reason=unstable_if action=reinterpret pc=0x000001e787beb860 method=jdk.internal.org.objectweb.asm.MethodWriter.visitVarInsn(II)V @ 108 c2
Event: 2.645 Thread 0x000001e7aa110d90 DEOPT PACKING pc=0x000001e787beb860 sp=0x000000b99b3f0880
Event: 2.645 Thread 0x000001e7aa110d90 DEOPT UNPACKING pc=0x000001e7875846a2 sp=0x000000b99b3f0848 mode 2
Event: 2.645 Thread 0x000001e7aa110d90 Uncommon trap: trap_request=0xffffff45 fr.pc=0x000001e787c78c20 relative=0x0000000000000480
Event: 2.645 Thread 0x000001e7aa110d90 Uncommon trap: reason=unstable_if action=reinterpret pc=0x000001e787c78c20 method=jdk.internal.org.objectweb.asm.MethodWriter.visitMethodInsn(ILjava/lang/String;Ljava/lang/String;Ljava/lang/String;Z)V @ 81 c2
Event: 2.645 Thread 0x000001e7aa110d90 DEOPT PACKING pc=0x000001e787c78c20 sp=0x000000b99b3f0870
Event: 2.645 Thread 0x000001e7aa110d90 DEOPT UNPACKING pc=0x000001e7875846a2 sp=0x000000b99b3f0810 mode 2
Event: 2.645 Thread 0x000001e7aa110d90 Uncommon trap: trap_request=0xffffff45 fr.pc=0x000001e787c7c6f8 relative=0x0000000000000958
Event: 2.645 Thread 0x000001e7aa110d90 Uncommon trap: reason=unstable_if action=reinterpret pc=0x000001e787c7c6f8 method=jdk.internal.org.objectweb.asm.MethodWriter.visitInsn(I)V @ 24 c2
Event: 2.645 Thread 0x000001e7aa110d90 DEOPT PACKING pc=0x000001e787c7c6f8 sp=0x000000b99b3f0860
Event: 2.645 Thread 0x000001e7aa110d90 DEOPT UNPACKING pc=0x000001e7875846a2 sp=0x000000b99b3f0848 mode 2
Event: 2.646 Thread 0x000001e7aa110d90 Uncommon trap: trap_request=0xffffff45 fr.pc=0x000001e787c16ffc relative=0x000000000000135c
Event: 2.646 Thread 0x000001e7aa110d90 Uncommon trap: reason=unstable_if action=reinterpret pc=0x000001e787c16ffc method=java.lang.invoke.LambdaForm.useCount(Ljava/lang/invoke/LambdaForm$Name;)I @ 8 c2
Event: 2.646 Thread 0x000001e7aa110d90 DEOPT PACKING pc=0x000001e787c16ffc sp=0x000000b99b3f6160
Event: 2.646 Thread 0x000001e7aa110d90 DEOPT UNPACKING pc=0x000001e7875846a2 sp=0x000000b99b3f5fc0 mode 2

Classes loaded (20 events):
Event: 2.618 Loading class java/util/Timer
Event: 2.618 Loading class java/util/Timer done
Event: 2.636 Loading class java/security/AccessControlException
Event: 2.636 Loading class java/security/AccessControlException done
Event: 2.658 Loading class java/lang/reflect/GenericSignatureFormatError
Event: 2.658 Loading class java/lang/ClassFormatError
Event: 2.658 Loading class java/lang/ClassFormatError done
Event: 2.658 Loading class java/lang/reflect/GenericSignatureFormatError done
Event: 2.658 Loading class java/lang/reflect/MalformedParameterizedTypeException
Event: 2.658 Loading class java/lang/reflect/MalformedParameterizedTypeException done
Event: 2.667 Loading class java/lang/IllegalCallerException
Event: 2.667 Loading class java/lang/IllegalCallerException done
Event: 2.694 Loading class java/lang/ProcessHandle$Info
Event: 2.694 Loading class java/lang/ProcessHandle$Info done
Event: 2.694 Loading class java/lang/ProcessHandle
Event: 2.694 Loading class java/lang/ProcessHandle done
Event: 2.696 Loading class java/io/UnsupportedEncodingException
Event: 2.696 Loading class java/io/UnsupportedEncodingException done
Event: 2.704 Loading class java/lang/ArrayIndexOutOfBoundsException
Event: 2.705 Loading class java/lang/ArrayIndexOutOfBoundsException done

Classes unloaded (0 events):
No events

Classes redefined (0 events):
No events

Internal exceptions (20 events):
Event: 2.465 Thread 0x000001e7aa110d90 Exception <a 'java/lang/IncompatibleClassChangeError'{0x00000000ec84aad8}: Found class java.lang.Object, but interface was expected> (0x00000000ec84aad8) 
thrown [s\open\src\hotspot\share\interpreter\linkResolver.cpp, line 841]
Event: 2.475 Thread 0x000001e7aa110d90 Exception <a 'java/lang/NoSuchMethodError'{0x00000000ec8efcb0}: 'int java.lang.invoke.DirectMethodHandle$Holder.invokeStaticInit(java.lang.Object, java.lang.Object, java.lang.Object)'> (0x00000000ec8efcb0) 
thrown [s\open\src\hotspot\share\interpreter\linkResolver.cpp, line 774]
Event: 2.475 Thread 0x000001e7aa110d90 Exception <a 'java/lang/NoSuchMethodError'{0x00000000ec77b3a0}: 'java.lang.Object java.lang.invoke.DirectMethodHandle$Holder.newInvokeSpecial(java.lang.Object, java.lang.Object, long)'> (0x00000000ec77b3a0) 
thrown [s\open\src\hotspot\share\interpreter\linkResolver.cpp, line 774]
Event: 2.476 Thread 0x000001e7aa110d90 Exception <a 'java/lang/NoSuchMethodError'{0x00000000ec77f768}: 'java.lang.Object java.lang.invoke.Invokers$Holder.linkToTargetMethod(java.lang.Object, long, java.lang.Object)'> (0x00000000ec77f768) 
thrown [s\open\src\hotspot\share\interpreter\linkResolver.cpp, line 774]
Event: 2.506 Thread 0x000001e7aa110d90 Exception <a 'java/lang/NoSuchMethodError'{0x00000000ec57f9a0}: 'int java.lang.invoke.DirectMethodHandle$Holder.invokeInterface(java.lang.Object, java.lang.Object)'> (0x00000000ec57f9a0) 
thrown [s\open\src\hotspot\share\interpreter\linkResolver.cpp, line 774]
Event: 2.510 Thread 0x000001e7aa110d90 Exception <a 'java/lang/NoSuchMethodError'{0x00000000ec5dc1d0}: 'java.lang.Object java.lang.invoke.DirectMethodHandle$Holder.invokeVirtual(java.lang.Object, java.lang.Object, int)'> (0x00000000ec5dc1d0) 
thrown [s\open\src\hotspot\share\interpreter\linkResolver.cpp, line 774]
Event: 2.518 Thread 0x000001e7aa110d90 Exception <a 'java/lang/NoSuchMethodError'{0x00000000ec4ad218}: 'java.lang.Object java.lang.invoke.DirectMethodHandle$Holder.invokeStatic(java.lang.Object, java.lang.Object, int, java.lang.Object)'> (0x00000000ec4ad218) 
thrown [s\open\src\hotspot\share\interpreter\linkResolver.cpp, line 774]
Event: 2.518 Thread 0x000001e7aa110d90 Exception <a 'java/lang/NoSuchMethodError'{0x00000000ec4b4440}: 'java.lang.Object java.lang.invoke.DirectMethodHandle$Holder.newInvokeSpecial(java.lang.Object, java.lang.Object, int, java.lang.Object)'> (0x00000000ec4b4440) 
thrown [s\open\src\hotspot\share\interpreter\linkResolver.cpp, line 774]
Event: 2.518 Thread 0x000001e7aa110d90 Exception <a 'java/lang/NoSuchMethodError'{0x00000000ec4b8ae0}: 'java.lang.Object java.lang.invoke.DirectMethodHandle$Holder.invokeSpecial(java.lang.Object, java.lang.Object, java.lang.Object, int, java.lang.Object)'> (0x00000000ec4b8ae0) 
thrown [s\open\src\hotspot\share\interpreter\linkResolver.cpp, line 774]
Event: 2.540 Thread 0x000001e7aa110d90 Exception <a 'java/lang/NoSuchMethodError'{0x00000000ec117020}: 'void java.lang.invoke.DirectMethodHandle$Holder.invokeInterface(java.lang.Object, java.lang.Object, java.lang.Object, java.lang.Object, java.lang.Object, java.lang.Object, java.lang.Object)'> (0x00000000ec117020) 
thrown [s\open\src\hotspot\share\interpreter\linkResolver.cpp, line 774]
Event: 2.541 Thread 0x000001e7aa110d90 Exception <a 'java/lang/NoSuchMethodError'{0x00000000ec11b988}: 'void java.lang.invoke.DelegatingMethodHandle$Holder.reinvoke_L(java.lang.Object, java.lang.Object, java.lang.Object, java.lang.Object, java.lang.Object, java.lang.Object, java.lang.Object)'> (0x00000000ec11b988) 
thrown [s\open\src\hotspot\share\interpreter\linkResolver.cpp, line 774]
Event: 2.566 Thread 0x000001e7aa110d90 Exception <a 'java/lang/NoSuchMethodError'{0x00000000ebf09d88}: 'java.lang.Object java.lang.invoke.DirectMethodHandle$Holder.invokeSpecial(java.lang.Object, java.lang.Object, java.lang.Object, int, java.lang.Object, java.lang.Object)'> (0x00000000ebf09d88) 
thrown [s\open\src\hotspot\share\interpreter\linkResolver.cpp, line 774]
Event: 2.644 Thread 0x000001e7aa110d90 Implicit null exception at 0x000001e787beb334 to 0x000001e787beb854
Event: 2.645 Thread 0x000001e7aa110d90 Implicit null exception at 0x000001e787c78898 to 0x000001e787c78c14
Event: 2.645 Thread 0x000001e7aa110d90 Implicit null exception at 0x000001e787c7be2c to 0x000001e787c7c6e8
Event: 2.645 Thread 0x000001e7aa110d90 Exception <a 'java/lang/NoSuchMethodError'{0x00000000ebb92248}: 'java.lang.reflect.Method[] java.lang.Class.getDeclaredMethods(java.lang.Class)'> (0x00000000ebb92248) 
thrown [s\open\src\hotspot\share\interpreter\linkResolver.cpp, line 774]
Event: 2.669 Thread 0x000001e7aa110d90 Exception <a 'java/lang/NoSuchMethodError'{0x00000000eb922528}: 'void java.lang.invoke.DirectMethodHandle$Holder.invokeStaticInit(java.lang.Object, java.lang.Object, java.lang.Object)'> (0x00000000eb922528) 
thrown [s\open\src\hotspot\share\interpreter\linkResolver.cpp, line 774]
Event: 2.670 Thread 0x000001e7aa110d90 Exception <a 'java/lang/NoSuchMethodError'{0x00000000eb929040}: 'void java.lang.invoke.DirectMethodHandle$Holder.invokeStaticInit(java.lang.Object, java.lang.Object, java.lang.Object, java.lang.Object)'> (0x00000000eb929040) 
thrown [s\open\src\hotspot\share\interpreter\linkResolver.cpp, line 774]
Event: 2.672 Thread 0x000001e7aa110d90 Exception <a 'java/lang/NoSuchMethodError'{0x00000000eb94aed8}: 'void java.lang.invoke.DirectMethodHandle$Holder.invokeStaticInit(java.lang.Object, java.lang.Object, java.lang.Object, java.lang.Object, java.lang.Object)'> (0x00000000eb94aed8) 
thrown [s\open\src\hotspot\share\interpreter\linkResolver.cpp, line 774]
Event: 2.680 Thread 0x000001e7aa110d90 Exception <a 'java/lang/NoSuchMethodError'{0x00000000eb9a3bc0}: 'int java.lang.invoke.DirectMethodHandle$Holder.invokeStaticInit(java.lang.Object, java.lang.Object, java.lang.Object, java.lang.Object)'> (0x00000000eb9a3bc0) 
thrown [s\open\src\hotspot\share\interpreter\linkResolver.cpp, line 774]

ZGC Phase Switch (0 events):
No events

VM Operations (20 events):
Event: 2.035 Executing VM operation: G1PauseCleanup
Event: 2.035 Executing VM operation: G1PauseCleanup done
Event: 2.136 Executing VM operation: HandshakeAllThreads (Deoptimize)
Event: 2.136 Executing VM operation: HandshakeAllThreads (Deoptimize) done
Event: 2.270 Executing VM operation: HandshakeAllThreads (Deoptimize)
Event: 2.270 Executing VM operation: HandshakeAllThreads (Deoptimize) done
Event: 2.364 Executing VM operation: HandshakeAllThreads (Deoptimize)
Event: 2.364 Executing VM operation: HandshakeAllThreads (Deoptimize) done
Event: 2.376 Executing VM operation: ICBufferFull
Event: 2.376 Executing VM operation: ICBufferFull done
Event: 2.466 Executing VM operation: HandshakeAllThreads (Deoptimize)
Event: 2.466 Executing VM operation: HandshakeAllThreads (Deoptimize) done
Event: 2.478 Executing VM operation: HandshakeAllThreads (Deoptimize)
Event: 2.478 Executing VM operation: HandshakeAllThreads (Deoptimize) done
Event: 2.542 Executing VM operation: HandshakeAllThreads (Deoptimize)
Event: 2.542 Executing VM operation: HandshakeAllThreads (Deoptimize) done
Event: 2.542 Executing VM operation: HandshakeAllThreads (Deoptimize)
Event: 2.542 Executing VM operation: HandshakeAllThreads (Deoptimize) done
Event: 2.637 Executing VM operation: HandshakeAllThreads (Deoptimize)
Event: 2.637 Executing VM operation: HandshakeAllThreads (Deoptimize) done

Events (20 events):
Event: 1.211 Thread 0x000001e7a9e55510 Thread added: 0x000001e7a9e55510
Event: 1.228 Thread 0x000001e7a9aa2220 Thread added: 0x000001e7a9aa2220
Event: 1.231 Thread 0x000001e7aa110d90 Thread added: 0x000001e7aa110d90
Event: 1.236 Thread 0x000001e7aa111ab0 Thread added: 0x000001e7aa111ab0
Event: 1.238 Thread 0x000001e7aa110070 Thread added: 0x000001e7aa110070
Event: 1.239 Thread 0x000001e7aa110700 Thread added: 0x000001e7aa110700
Event: 1.445 Thread 0x000001e7aa111420 Thread added: 0x000001e7aa111420
Event: 1.449 Thread 0x000001e7aa1134f0 Thread added: 0x000001e7aa1134f0
Event: 1.471 Thread 0x000001e7aa112140 Thread added: 0x000001e7aa112140
Event: 1.940 Thread 0x000001e7a824e2c0 Thread exited: 0x000001e7a824e2c0
Event: 1.988 Thread 0x000001e7aa112e60 Thread added: 0x000001e7aa112e60
Event: 2.122 Thread 0x000001e7abafdb40 Thread added: 0x000001e7abafdb40
Event: 2.125 Thread 0x000001e7abaff580 Thread added: 0x000001e7abaff580
Event: 2.219 Thread 0x000001e7abafb3e0 Thread added: 0x000001e7abafb3e0
Event: 2.236 Thread 0x000001e7abb00930 Thread added: 0x000001e7abb00930
Event: 2.312 Thread 0x000001e7abaffc10 Thread added: 0x000001e7abaffc10
Event: 2.397 Thread 0x000001e7abb002a0 Thread added: 0x000001e7abb002a0
Event: 2.495 Thread 0x000001e7a824e990 Thread added: 0x000001e7a824e990
Event: 2.519 Thread 0x000001e7abb02370 Thread added: 0x000001e7abb02370
Event: 2.535 Thread 0x000001e7abafce20 Thread added: 0x000001e7abafce20


Dynamic libraries:
0x00007ff75dc90000 - 0x00007ff75dca0000 	C:\Program Files\Java\jdk-22\bin\java.exe
0x00007ff8dd850000 - 0x00007ff8dda67000 	C:\Windows\SYSTEM32\ntdll.dll
0x00007ff8dcd70000 - 0x00007ff8dce34000 	C:\Windows\System32\KERNEL32.DLL
0x00007ff8dad30000 - 0x00007ff8db0dd000 	C:\Windows\System32\KERNELBASE.dll
0x00007ff8dac10000 - 0x00007ff8dad21000 	C:\Windows\System32\ucrtbase.dll
0x00007ff8c3780000 - 0x00007ff8c3797000 	C:\Program Files\Java\jdk-22\bin\jli.dll
0x00007ff8dcae0000 - 0x00007ff8dcb92000 	C:\Windows\System32\ADVAPI32.dll
0x00007ff8c3760000 - 0x00007ff8c377b000 	C:\Program Files\Java\jdk-22\bin\VCRUNTIME140.dll
0x00007ff8dd070000 - 0x00007ff8dd117000 	C:\Windows\System32\msvcrt.dll
0x00007ff8dd120000 - 0x00007ff8dd1c9000 	C:\Windows\System32\sechost.dll
0x00007ff8db1a0000 - 0x00007ff8db1c8000 	C:\Windows\System32\bcrypt.dll
0x00007ff8dc340000 - 0x00007ff8dc454000 	C:\Windows\System32\RPCRT4.dll
0x00007ff8dd230000 - 0x00007ff8dd3de000 	C:\Windows\System32\USER32.dll
0x00007ff8db240000 - 0x00007ff8db266000 	C:\Windows\System32\win32u.dll
0x00007ff8dc310000 - 0x00007ff8dc339000 	C:\Windows\System32\GDI32.dll
0x00007ff8db2f0000 - 0x00007ff8db409000 	C:\Windows\System32\gdi32full.dll
0x00007ff8dab70000 - 0x00007ff8dac0a000 	C:\Windows\System32\msvcp_win.dll
0x00007ff8b5170000 - 0x00007ff8b5403000 	C:\Windows\WinSxS\amd64_microsoft.windows.common-controls_6595b64144ccf1df_6.0.22621.3672_none_2713b9d173822955\COMCTL32.dll
0x00007ff8c8730000 - 0x00007ff8c873a000 	C:\Windows\SYSTEM32\VERSION.dll
0x00007ff8dd3e0000 - 0x00007ff8dd411000 	C:\Windows\System32\IMM32.DLL
0x00007ff8d6b30000 - 0x00007ff8d6b3c000 	C:\Program Files\Java\jdk-22\bin\vcruntime140_1.dll
0x00007ff8c2860000 - 0x00007ff8c28ee000 	C:\Program Files\Java\jdk-22\bin\msvcp140.dll
0x00007ff87a240000 - 0x00007ff87af87000 	C:\Program Files\Java\jdk-22\bin\server\jvm.dll
0x00007ff8dc500000 - 0x00007ff8dc571000 	C:\Windows\System32\WS2_32.dll
0x00007ff8d8430000 - 0x00007ff8d8464000 	C:\Windows\SYSTEM32\WINMM.dll
0x00007ff8da980000 - 0x00007ff8da9cd000 	C:\Windows\SYSTEM32\POWRPROF.dll
0x00007ff8da860000 - 0x00007ff8da873000 	C:\Windows\SYSTEM32\UMPDC.dll
0x00007ff8d9b70000 - 0x00007ff8d9b88000 	C:\Windows\SYSTEM32\kernel.appcore.dll
0x00007ff8c3530000 - 0x00007ff8c353a000 	C:\Program Files\Java\jdk-22\bin\jimage.dll
0x00007ff8d8170000 - 0x00007ff8d83a2000 	C:\Windows\SYSTEM32\DBGHELP.DLL
0x00007ff8dd420000 - 0x00007ff8dd7ad000 	C:\Windows\System32\combase.dll
0x00007ff8dc580000 - 0x00007ff8dc657000 	C:\Windows\System32\OLEAUT32.dll
0x00007ff8d83f0000 - 0x00007ff8d8422000 	C:\Windows\SYSTEM32\dbgcore.DLL
0x00007ff8db270000 - 0x00007ff8db2eb000 	C:\Windows\System32\bcryptPrimitives.dll
0x00007ff8c3520000 - 0x00007ff8c352f000 	C:\Program Files\Java\jdk-22\bin\instrument.dll
0x00007ff8c3430000 - 0x00007ff8c344e000 	C:\Program Files\Java\jdk-22\bin\java.dll
0x00007ff8db930000 - 0x00007ff8dc198000 	C:\Windows\System32\SHELL32.dll
0x00007ff8db780000 - 0x00007ff8db925000 	C:\Windows\System32\ole32.dll
0x00007ff8d8a70000 - 0x00007ff8d936e000 	C:\Windows\SYSTEM32\windows.storage.dll
0x00007ff8d8930000 - 0x00007ff8d8a6f000 	C:\Windows\SYSTEM32\wintypes.dll
0x00007ff8db5a0000 - 0x00007ff8db699000 	C:\Windows\System32\SHCORE.dll
0x00007ff8dd1d0000 - 0x00007ff8dd22e000 	C:\Windows\System32\shlwapi.dll
0x00007ff8daaa0000 - 0x00007ff8daac1000 	C:\Windows\SYSTEM32\profapi.dll
0x00007ff89cee0000 - 0x00007ff89cfb7000 	C:\Program Files\Java\jdk-22\bin\jsvml.dll
0x00007ff8c3410000 - 0x00007ff8c3427000 	C:\Program Files\Java\jdk-22\bin\zip.dll
0x00007ff8c3400000 - 0x00007ff8c3410000 	C:\Program Files\Java\jdk-22\bin\net.dll
0x00007ff8da010000 - 0x00007ff8da079000 	C:\Windows\system32\mswsock.dll
0x00007ff8c30e0000 - 0x00007ff8c30f6000 	C:\Program Files\Java\jdk-22\bin\nio.dll
0x00007ff8c33f0000 - 0x00007ff8c3400000 	C:\Program Files\Java\jdk-22\bin\verify.dll
0x00007ff8c3170000 - 0x00007ff8c3197000 	C:\Users\ishit\.gradle\native\c067742578af261105cb4f569cf0c3c89f3d7b1fecec35dd04571415982c5e48\windows-amd64\native-platform.dll
0x00007ff885960000 - 0x00007ff885aa4000 	C:\Users\ishit\.gradle\native\100fb08df4bc3b14c8652ba06237920a3bd2aa13389f12d3474272988ae205f9\windows-amd64\native-platform-file-events.dll
0x00007ff8c3340000 - 0x00007ff8c334a000 	C:\Program Files\Java\jdk-22\bin\management.dll
0x00007ff8c30d0000 - 0x00007ff8c30db000 	C:\Program Files\Java\jdk-22\bin\management_ext.dll
0x00007ff8dc300000 - 0x00007ff8dc308000 	C:\Windows\System32\PSAPI.DLL
0x00007ff8da270000 - 0x00007ff8da28b000 	C:\Windows\SYSTEM32\CRYPTSP.dll
0x00007ff8d9ad0000 - 0x00007ff8d9b05000 	C:\Windows\system32\rsaenh.dll
0x00007ff8da110000 - 0x00007ff8da138000 	C:\Windows\SYSTEM32\USERENV.dll
0x00007ff8da290000 - 0x00007ff8da29c000 	C:\Windows\SYSTEM32\CRYPTBASE.dll
0x00007ff8d95d0000 - 0x00007ff8d95fd000 	C:\Windows\SYSTEM32\IPHLPAPI.DLL
0x00007ff8dc460000 - 0x00007ff8dc469000 	C:\Windows\System32\NSI.dll
0x00007ff8c2f30000 - 0x00007ff8c2f39000 	C:\Program Files\Java\jdk-22\bin\extnet.dll
0x00007ff8c2f20000 - 0x00007ff8c2f2e000 	C:\Program Files\Java\jdk-22\bin\sunmscapi.dll
0x00007ff8db410000 - 0x00007ff8db577000 	C:\Windows\System32\CRYPT32.dll
0x00007ff8da430000 - 0x00007ff8da45e000 	C:\Windows\SYSTEM32\ncrypt.dll
0x00007ff8da3f0000 - 0x00007ff8da427000 	C:\Windows\SYSTEM32\NTASN1.dll
0x00007ff897420000 - 0x00007ff897428000 	C:\Windows\system32\wshunix.dll

dbghelp: loaded successfully - version: 4.0.5 - missing functions: none
symbol engine: initialized successfully - sym options: 0x614 - pdb path: .;C:\Program Files\Java\jdk-22\bin;C:\Windows\SYSTEM32;C:\Windows\WinSxS\amd64_microsoft.windows.common-controls_6595b64144ccf1df_6.0.22621.3672_none_2713b9d173822955;C:\Program Files\Java\jdk-22\bin\server;C:\Users\ishit\.gradle\native\c067742578af261105cb4f569cf0c3c89f3d7b1fecec35dd04571415982c5e48\windows-amd64;C:\Users\ishit\.gradle\native\100fb08df4bc3b14c8652ba06237920a3bd2aa13389f12d3474272988ae205f9\windows-amd64

VM Arguments:
jvm_args: --add-opens=java.base/java.util=ALL-UNNAMED --add-opens=java.base/java.lang=ALL-UNNAMED --add-opens=java.base/java.lang.invoke=ALL-UNNAMED --add-opens=java.prefs/java.util.prefs=ALL-UNNAMED --add-opens=java.base/java.nio.charset=ALL-UNNAMED --add-opens=java.base/java.net=ALL-UNNAMED --add-opens=java.base/java.util.concurrent.atomic=ALL-UNNAMED -XX:MaxMetaspaceSize=384m -XX:+HeapDumpOnOutOfMemoryError -Xms256m -Xmx512m -Dfile.encoding=windows-1252 -Duser.country=IN -Duser.language=en -Duser.variant -javaagent:C:\Users\ishit\.gradle\wrapper\dists\gradle-8.8-bin\dl7vupf4psengwqhwktix4v1\gradle-8.8\lib\agents\gradle-instrumentation-agent-8.8.jar 
java_command: org.gradle.launcher.daemon.bootstrap.GradleDaemon 8.8
java_class_path (initial): C:\Users\ishit\.gradle\wrapper\dists\gradle-8.8-bin\dl7vupf4psengwqhwktix4v1\gradle-8.8\lib\gradle-launcher-8.8.jar
Launcher Type: SUN_STANDARD

[Global flags]
     intx CICompilerCount                          = 4                                         {product} {ergonomic}
   size_t CompressedClassSpaceSize                 = 335544320                                 {product} {ergonomic}
     uint ConcGCThreads                            = 3                                         {product} {ergonomic}
     uint G1ConcRefinementThreads                  = 10                                        {product} {ergonomic}
   size_t G1HeapRegionSize                         = 1048576                                   {product} {ergonomic}
     bool HeapDumpOnOutOfMemoryError               = true                                   {manageable} {command line}
   size_t InitialHeapSize                          = 268435456                                 {product} {command line}
   size_t MarkStackSize                            = 4194304                                   {product} {ergonomic}
   size_t MaxHeapSize                              = 536870912                                 {product} {command line}
   size_t MaxMetaspaceSize                         = 402653184                                 {product} {command line}
   size_t MaxNewSize                               = 321912832                                 {product} {ergonomic}
   size_t MinHeapDeltaBytes                        = 1048576                                   {product} {ergonomic}
   size_t MinHeapSize                              = 268435456                                 {product} {command line}
    uintx NonNMethodCodeHeapSize                   = 5839372                                {pd product} {ergonomic}
    uintx NonProfiledCodeHeapSize                  = 122909434                              {pd product} {ergonomic}
    uintx ProfiledCodeHeapSize                     = 122909434                              {pd product} {ergonomic}
    uintx ReservedCodeCacheSize                    = 251658240                              {pd product} {ergonomic}
     bool SegmentedCodeCache                       = true                                      {product} {ergonomic}
   size_t SoftMaxHeapSize                          = 536870912                              {manageable} {ergonomic}
     bool UseCompressedOops                        = true                           {product lp64_product} {ergonomic}
     bool UseG1GC                                  = true                                      {product} {ergonomic}
     bool UseLargePagesIndividualAllocation        = false                                  {pd product} {ergonomic}

Logging:
Log output configuration:
 #0: stdout all=warning uptime,level,tags foldmultilines=false
 #1: stderr all=off uptime,level,tags foldmultilines=false

Environment Variables:
PATH=C:\Program Files\Common Files\Oracle\Java\javapath;C:\Program Files (x86)\Common Files\Oracle\Java\java8path;C:\Program Files (x86)\Common Files\Oracle\Java\javapath;C:\Windows\system32;C:\Windows;C:\Windows\System32\Wbem;C:\Windows\System32\WindowsPowerShell\v1.0\;C:\Windows\System32\OpenSSH\;C:\Program Files\dotnet\;C:\Program Files\Microsoft VS Code\bin;C:\MinGW\bin;C:\Program Files (x86)\GnuWin32\bin;C:\Program Files\Git\cmd;C:\Program Files\Git\mingw64\bin;C:\Program Files\Git\usr\bin;C:\Program Files\nodejs\;C:\Program Files\Docker\Docker\resources\bin;C:\Program Files\MongoDB\mongosh-2.2.9-win32-x64\bin;C:\Users\ishit\AppData\Local\Programs\Python\Python311\Scripts\;C:\Users\ishit\AppData\Local\Programs\Python\Python311\;C:\Windows\system32;C:\Windows;C:\Windows\System32\Wbem;C:\Windows\System32\WindowsPowerShell\v1.0\;C:\Windows\System32\OpenSSH\;C:\Program Files\dotnet\;C:\Program Files\Microsoft VS Code\bin;C:\MinGW\bin;C:\Windows\system32;C:\Windows;C:\Windows\System32\Wbem;C:\Windows\System32\WindowsPowerShell\v1.0\;C:\Windows\System32\OpenSSH\;C:\Program Files\dotnet\;C:\Program Files\Microsoft VS Code\bin;C:\MinGW\bin;C:\Users\ishit\AppData\Local\Microsoft\WindowsApps;C:\Users\ishit\AppData\Local\Programs\Python\Python311\python.exe;C:\Users\ishit\AppData\Local\Programs\Python\Python311\python.exe;C:\Users\ishit\AppData\Local\Programs\Python\Python311\python.exe;C:\Users\ishit\AppData\Roaming\npm;C:\Users\ishit\AppData\Local\GitHubDesktop\bin;C:\Program Files\JetBrains\IntelliJ IDEA Community Edition 2024.1.1\bin;
USERNAME=ishit
OS=Windows_NT
PROCESSOR_IDENTIFIER=Intel64 Family 6 Model 154 Stepping 4, GenuineIntel
TMP=C:\Users\ishit\AppData\Local\Temp
TEMP=C:\Users\ishit\AppData\Local\Temp




Periodic native trim disabled

---------------  S Y S T E M  ---------------

OS:
 Windows 11 , 64 bit Build 22621 (10.0.22621.3958)
OS uptime: 0 days 8:35 hours
Hyper-V role detected

CPU: total 12 (initial active 12) (6 cores per cpu, 2 threads per core) family 6 model 154 stepping 4 microcode 0x432, cx8, cmov, fxsr, ht, mmx, 3dnowpref, sse, sse2, sse3, ssse3, sse4.1, sse4.2, popcnt, lzcnt, tsc, tscinvbit, avx, avx2, aes, erms, clmul, bmi1, bmi2, adx, sha, fma, vzeroupper, clflush, clflushopt, clwb, hv, serialize, rdtscp, rdpid, fsrm, f16c, cet_ibt, cet_ss
Processor Information for processor 0
  Max Mhz: 1700, Current Mhz: 1700, Mhz Limit: 1700
Processor Information for processor 1
  Max Mhz: 1700, Current Mhz: 1700, Mhz Limit: 1700
Processor Information for processor 2
  Max Mhz: 1700, Current Mhz: 1700, Mhz Limit: 1700
Processor Information for processor 3
  Max Mhz: 1700, Current Mhz: 1700, Mhz Limit: 1700
Processor Information for processor 4
  Max Mhz: 1700, Current Mhz: 1200, Mhz Limit: 1190
Processor Information for processor 5
  Max Mhz: 1700, Current Mhz: 1200, Mhz Limit: 1190
Processor Information for processor 6
  Max Mhz: 1700, Current Mhz: 1200, Mhz Limit: 1190
Processor Information for processor 7
  Max Mhz: 1700, Current Mhz: 1200, Mhz Limit: 1190
Processor Information for processor 8
  Max Mhz: 1700, Current Mhz: 1200, Mhz Limit: 1190
Processor Information for processor 9
  Max Mhz: 1700, Current Mhz: 1200, Mhz Limit: 1190
Processor Information for processor 10
  Max Mhz: 1700, Current Mhz: 1200, Mhz Limit: 1190
Processor Information for processor 11
  Max Mhz: 1700, Current Mhz: 1200, Mhz Limit: 1190

Memory: 4k page, system-wide physical 16068M (3445M free)
TotalPageFile size 16068M (AvailPageFile size 5M)
current process WorkingSet (physical memory assigned to process): 315M, peak: 315M
current process commit charge ("private bytes"): 480M, peak: 480M

vm_info: Java HotSpot(TM) 64-Bit Server VM (22.0.1+8-16) for windows-amd64 JRE (22.0.1+8-16), built on 2024-03-12T10:33:16Z by "mach5one" with MS VC++ 17.6 (VS2022)

END.
